CRITICAL - 2022-01-11 04:57:15 --> Undefined variable $greetingtime
#0 C:\xampp\htdocs\simag\app\Views\halamanutama.php(19): CodeIgniter\Debug\Exceptions->errorHandler(2, 'Undefined varia...', 'C:\\xampp\\htdocs...', 19)
#1 C:\xampp\htdocs\simag\system\View\View.php(210): include('C:\\xampp\\htdocs...')
#2 C:\xampp\htdocs\simag\system\View\View.php(213): CodeIgniter\View\View->CodeIgniter\View\{closure}()
#3 C:\xampp\htdocs\simag\system\Common.php(1089): CodeIgniter\View\View->render('halamanutama', Array, true)
#4 C:\xampp\htdocs\simag\app\Controllers\HalamanUtama.php(15): view('halamanutama')
#5 C:\xampp\htdocs\simag\system\CodeIgniter.php(825): App\Controllers\HalamanUtama->index()
#6 C:\xampp\htdocs\simag\system\CodeIgniter.php(412): CodeIgniter\CodeIgniter->runController(Object(App\Controllers\HalamanUtama))
#7 C:\xampp\htdocs\simag\system\CodeIgniter.php(320): CodeIgniter\CodeIgniter->handleRequest(NULL, Object(Config\Cache), false)
#8 C:\xampp\htdocs\simag\public\index.php(37): CodeIgniter\CodeIgniter->run()
#9 C:\xampp\htdocs\simag\system\Commands\Server\rewrite.php(43): require_once('C:\\xampp\\htdocs...')
#10 {main}
CRITICAL - 2022-01-11 05:42:48 --> Undefined variable $active
#0 C:\xampp\htdocs\simag\app\Views\halamanutama.php(9): CodeIgniter\Debug\Exceptions->errorHandler(2, 'Undefined varia...', 'C:\\xampp\\htdocs...', 9)
#1 C:\xampp\htdocs\simag\system\View\View.php(210): include('C:\\xampp\\htdocs...')
#2 C:\xampp\htdocs\simag\system\View\View.php(213): CodeIgniter\View\View->CodeIgniter\View\{closure}()
#3 C:\xampp\htdocs\simag\system\Common.php(1089): CodeIgniter\View\View->render('halamanutama', Array, true)
#4 C:\xampp\htdocs\simag\app\Controllers\HalamanUtama.php(15): view('halamanutama')
#5 C:\xampp\htdocs\simag\system\CodeIgniter.php(825): App\Controllers\HalamanUtama->index()
#6 C:\xampp\htdocs\simag\system\CodeIgniter.php(412): CodeIgniter\CodeIgniter->runController(Object(App\Controllers\HalamanUtama))
#7 C:\xampp\htdocs\simag\system\CodeIgniter.php(320): CodeIgniter\CodeIgniter->handleRequest(NULL, Object(Config\Cache), false)
#8 C:\xampp\htdocs\simag\public\index.php(37): CodeIgniter\CodeIgniter->run()
#9 C:\xampp\htdocs\simag\system\Commands\Server\rewrite.php(43): require_once('C:\\xampp\\htdocs...')
#10 {main}
CRITICAL - 2022-01-11 05:42:49 --> Undefined variable $active
#0 C:\xampp\htdocs\simag\app\Views\halamanutama.php(9): CodeIgniter\Debug\Exceptions->errorHandler(2, 'Undefined varia...', 'C:\\xampp\\htdocs...', 9)
#1 C:\xampp\htdocs\simag\system\View\View.php(210): include('C:\\xampp\\htdocs...')
#2 C:\xampp\htdocs\simag\system\View\View.php(213): CodeIgniter\View\View->CodeIgniter\View\{closure}()
#3 C:\xampp\htdocs\simag\system\Common.php(1089): CodeIgniter\View\View->render('halamanutama', Array, true)
#4 C:\xampp\htdocs\simag\app\Controllers\HalamanUtama.php(15): view('halamanutama')
#5 C:\xampp\htdocs\simag\system\CodeIgniter.php(825): App\Controllers\HalamanUtama->index()
#6 C:\xampp\htdocs\simag\system\CodeIgniter.php(412): CodeIgniter\CodeIgniter->runController(Object(App\Controllers\HalamanUtama))
#7 C:\xampp\htdocs\simag\system\CodeIgniter.php(320): CodeIgniter\CodeIgniter->handleRequest(NULL, Object(Config\Cache), false)
#8 C:\xampp\htdocs\simag\public\index.php(37): CodeIgniter\CodeIgniter->run()
#9 C:\xampp\htdocs\simag\system\Commands\Server\rewrite.php(43): require_once('C:\\xampp\\htdocs...')
#10 {main}
