CRITICAL - 2022-02-24 08:06:59 --> Trying to access array offset on value of type null
#0 C:\xampp\htdocs\simag\app\Views\admin\detailpeserta.php(27): CodeIgniter\Debug\Exceptions->errorHandler(2, 'Trying to acces...', 'C:\\xampp\\htdocs...', 27)
#1 C:\xampp\htdocs\simag\system\View\View.php(210): include('C:\\xampp\\htdocs...')
#2 C:\xampp\htdocs\simag\system\View\View.php(213): CodeIgniter\View\View->CodeIgniter\View\{closure}()
#3 C:\xampp\htdocs\simag\system\Common.php(1089): CodeIgniter\View\View->render('admin/detailpes...', Array, true)
#4 C:\xampp\htdocs\simag\app\Controllers\Pembimbing.php(71): view('admin/detailpes...')
#5 C:\xampp\htdocs\simag\system\CodeIgniter.php(825): App\Controllers\Pembimbing->detailPeserta('Viona Febriana-...')
#6 C:\xampp\htdocs\simag\system\CodeIgniter.php(412): CodeIgniter\CodeIgniter->runController(Object(App\Controllers\Pembimbing))
#7 C:\xampp\htdocs\simag\system\CodeIgniter.php(320): CodeIgniter\CodeIgniter->handleRequest(NULL, Object(Config\Cache), false)
#8 C:\xampp\htdocs\simag\public\index.php(37): CodeIgniter\CodeIgniter->run()
#9 {main}
CRITICAL - 2022-02-24 08:17:08 --> Trying to access array offset on value of type null
#0 C:\xampp\htdocs\simag\app\Views\admin\detailpeserta.php(27): CodeIgniter\Debug\Exceptions->errorHandler(2, 'Trying to acces...', 'C:\\xampp\\htdocs...', 27)
#1 C:\xampp\htdocs\simag\system\View\View.php(210): include('C:\\xampp\\htdocs...')
#2 C:\xampp\htdocs\simag\system\View\View.php(213): CodeIgniter\View\View->CodeIgniter\View\{closure}()
#3 C:\xampp\htdocs\simag\system\Common.php(1089): CodeIgniter\View\View->render('admin/detailpes...', Array, true)
#4 C:\xampp\htdocs\simag\app\Controllers\Pembimbing.php(71): view('admin/detailpes...')
#5 C:\xampp\htdocs\simag\system\CodeIgniter.php(825): App\Controllers\Pembimbing->detailPeserta('Viona Febriana-...')
#6 C:\xampp\htdocs\simag\system\CodeIgniter.php(412): CodeIgniter\CodeIgniter->runController(Object(App\Controllers\Pembimbing))
#7 C:\xampp\htdocs\simag\system\CodeIgniter.php(320): CodeIgniter\CodeIgniter->handleRequest(NULL, Object(Config\Cache), false)
#8 C:\xampp\htdocs\simag\public\index.php(37): CodeIgniter\CodeIgniter->run()
#9 {main}
CRITICAL - 2022-02-24 08:18:29 --> Trying to access array offset on value of type null
#0 C:\xampp\htdocs\simag\app\Views\admin\detailpeserta.php(27): CodeIgniter\Debug\Exceptions->errorHandler(2, 'Trying to acces...', 'C:\\xampp\\htdocs...', 27)
#1 C:\xampp\htdocs\simag\system\View\View.php(210): include('C:\\xampp\\htdocs...')
#2 C:\xampp\htdocs\simag\system\View\View.php(213): CodeIgniter\View\View->CodeIgniter\View\{closure}()
#3 C:\xampp\htdocs\simag\system\Common.php(1089): CodeIgniter\View\View->render('admin/detailpes...', Array, true)
#4 C:\xampp\htdocs\simag\app\Controllers\Pembimbing.php(71): view('admin/detailpes...')
#5 C:\xampp\htdocs\simag\system\CodeIgniter.php(825): App\Controllers\Pembimbing->detailPeserta('Viona Febriana-...')
#6 C:\xampp\htdocs\simag\system\CodeIgniter.php(412): CodeIgniter\CodeIgniter->runController(Object(App\Controllers\Pembimbing))
#7 C:\xampp\htdocs\simag\system\CodeIgniter.php(320): CodeIgniter\CodeIgniter->handleRequest(NULL, Object(Config\Cache), false)
#8 C:\xampp\htdocs\simag\public\index.php(37): CodeIgniter\CodeIgniter->run()
#9 {main}
CRITICAL - 2022-02-24 08:42:41 --> Undefined array key "pengantar"
#0 C:\xampp\htdocs\simag\app\Controllers\Pembimbing.php(134): CodeIgniter\Debug\Exceptions->errorHandler(2, 'Undefined array...', 'C:\\xampp\\htdocs...', 134)
#1 C:\xampp\htdocs\simag\system\CodeIgniter.php(825): App\Controllers\Pembimbing->bukaPengantar('16')
#2 C:\xampp\htdocs\simag\system\CodeIgniter.php(412): CodeIgniter\CodeIgniter->runController(Object(App\Controllers\Pembimbing))
#3 C:\xampp\htdocs\simag\system\CodeIgniter.php(320): CodeIgniter\CodeIgniter->handleRequest(NULL, Object(Config\Cache), false)
#4 C:\xampp\htdocs\simag\public\index.php(37): CodeIgniter\CodeIgniter->run()
#5 {main}
CRITICAL - 2022-02-24 08:44:15 --> Undefined array key "pengantar"
#0 C:\xampp\htdocs\simag\app\Controllers\Pembimbing.php(135): CodeIgniter\Debug\Exceptions->errorHandler(2, 'Undefined array...', 'C:\\xampp\\htdocs...', 135)
#1 C:\xampp\htdocs\simag\system\CodeIgniter.php(825): App\Controllers\Pembimbing->bukaPengantar('16')
#2 C:\xampp\htdocs\simag\system\CodeIgniter.php(412): CodeIgniter\CodeIgniter->runController(Object(App\Controllers\Pembimbing))
#3 C:\xampp\htdocs\simag\system\CodeIgniter.php(320): CodeIgniter\CodeIgniter->handleRequest(NULL, Object(Config\Cache), false)
#4 C:\xampp\htdocs\simag\public\index.php(37): CodeIgniter\CodeIgniter->run()
#5 {main}
CRITICAL - 2022-02-24 08:45:23 --> Undefined array key "pengantar"
#0 C:\xampp\htdocs\simag\app\Controllers\Pembimbing.php(134): CodeIgniter\Debug\Exceptions->errorHandler(2, 'Undefined array...', 'C:\\xampp\\htdocs...', 134)
#1 C:\xampp\htdocs\simag\system\CodeIgniter.php(825): App\Controllers\Pembimbing->bukaPengantar('16')
#2 C:\xampp\htdocs\simag\system\CodeIgniter.php(412): CodeIgniter\CodeIgniter->runController(Object(App\Controllers\Pembimbing))
#3 C:\xampp\htdocs\simag\system\CodeIgniter.php(320): CodeIgniter\CodeIgniter->handleRequest(NULL, Object(Config\Cache), false)
#4 C:\xampp\htdocs\simag\public\index.php(37): CodeIgniter\CodeIgniter->run()
#5 {main}
CRITICAL - 2022-02-24 08:46:25 --> Cannot use object of type stdClass as array
#0 C:\xampp\htdocs\simag\system\CodeIgniter.php(825): App\Controllers\Pembimbing->bukaPengantar('16')
#1 C:\xampp\htdocs\simag\system\CodeIgniter.php(412): CodeIgniter\CodeIgniter->runController(Object(App\Controllers\Pembimbing))
#2 C:\xampp\htdocs\simag\system\CodeIgniter.php(320): CodeIgniter\CodeIgniter->handleRequest(NULL, Object(Config\Cache), false)
#3 C:\xampp\htdocs\simag\public\index.php(37): CodeIgniter\CodeIgniter->run()
#4 {main}
ERROR - 2022-02-24 09:24:21 --> Cannot add or update a child row: a foreign key constraint fails (`simag`.`aktivitas`, CONSTRAINT `aktivitas_ibfk_1` FOREIGN KEY (`userId`) REFERENCES `user` (`id`) ON DELETE CASCADE ON UPDATE CASCADE)
CRITICAL - 2022-02-24 09:24:21 --> Cannot add or update a child row: a foreign key constraint fails (`simag`.`aktivitas`, CONSTRAINT `aktivitas_ibfk_1` FOREIGN KEY (`userId`) REFERENCES `user` (`id`) ON DELETE CASCADE ON UPDATE CASCADE)
#0 C:\xampp\htdocs\simag\system\Database\MySQLi\Connection.php(292): mysqli->query('INSERT INTO `ak...', 0)
#1 C:\xampp\htdocs\simag\system\Database\BaseConnection.php(670): CodeIgniter\Database\MySQLi\Connection->execute('INSERT INTO `ak...')
#2 C:\xampp\htdocs\simag\system\Database\BaseConnection.php(598): CodeIgniter\Database\BaseConnection->simpleQuery('INSERT INTO `ak...')
#3 C:\xampp\htdocs\simag\system\Database\BaseBuilder.php(1771): CodeIgniter\Database\BaseConnection->query('INSERT INTO `ak...', Array, false)
#4 C:\xampp\htdocs\simag\system\Model.php(239): CodeIgniter\Database\BaseBuilder->insert()
#5 C:\xampp\htdocs\simag\system\BaseModel.php(738): CodeIgniter\Model->doInsert(Array)
#6 C:\xampp\htdocs\simag\system\Model.php(625): CodeIgniter\BaseModel->insert(Array, false)
#7 C:\xampp\htdocs\simag\system\BaseModel.php(658): CodeIgniter\Model->insert(Array, false)
#8 C:\xampp\htdocs\simag\app\Controllers\AktivitasHarian.php(71): CodeIgniter\BaseModel->save(Array)
#9 C:\xampp\htdocs\simag\system\CodeIgniter.php(825): App\Controllers\AktivitasHarian->tambahAktivitas()
#10 C:\xampp\htdocs\simag\system\CodeIgniter.php(412): CodeIgniter\CodeIgniter->runController(Object(App\Controllers\AktivitasHarian))
#11 C:\xampp\htdocs\simag\system\CodeIgniter.php(320): CodeIgniter\CodeIgniter->handleRequest(NULL, Object(Config\Cache), false)
#12 C:\xampp\htdocs\simag\public\index.php(37): CodeIgniter\CodeIgniter->run()
#13 {main}
ERROR - 2022-02-24 09:26:33 --> Cannot add or update a child row: a foreign key constraint fails (`simag`.`aktivitas`, CONSTRAINT `aktivitas_ibfk_1` FOREIGN KEY (`userId`) REFERENCES `user` (`id`) ON DELETE CASCADE ON UPDATE CASCADE)
CRITICAL - 2022-02-24 09:26:33 --> Cannot add or update a child row: a foreign key constraint fails (`simag`.`aktivitas`, CONSTRAINT `aktivitas_ibfk_1` FOREIGN KEY (`userId`) REFERENCES `user` (`id`) ON DELETE CASCADE ON UPDATE CASCADE)
#0 C:\xampp\htdocs\simag\system\Database\MySQLi\Connection.php(292): mysqli->query('INSERT INTO `ak...', 0)
#1 C:\xampp\htdocs\simag\system\Database\BaseConnection.php(670): CodeIgniter\Database\MySQLi\Connection->execute('INSERT INTO `ak...')
#2 C:\xampp\htdocs\simag\system\Database\BaseConnection.php(598): CodeIgniter\Database\BaseConnection->simpleQuery('INSERT INTO `ak...')
#3 C:\xampp\htdocs\simag\system\Database\BaseBuilder.php(1771): CodeIgniter\Database\BaseConnection->query('INSERT INTO `ak...', Array, false)
#4 C:\xampp\htdocs\simag\system\Model.php(239): CodeIgniter\Database\BaseBuilder->insert()
#5 C:\xampp\htdocs\simag\system\BaseModel.php(738): CodeIgniter\Model->doInsert(Array)
#6 C:\xampp\htdocs\simag\system\Model.php(625): CodeIgniter\BaseModel->insert(Array, false)
#7 C:\xampp\htdocs\simag\system\BaseModel.php(658): CodeIgniter\Model->insert(Array, false)
#8 C:\xampp\htdocs\simag\app\Controllers\AktivitasHarian.php(71): CodeIgniter\BaseModel->save(Array)
#9 C:\xampp\htdocs\simag\system\CodeIgniter.php(825): App\Controllers\AktivitasHarian->tambahAktivitas()
#10 C:\xampp\htdocs\simag\system\CodeIgniter.php(412): CodeIgniter\CodeIgniter->runController(Object(App\Controllers\AktivitasHarian))
#11 C:\xampp\htdocs\simag\system\CodeIgniter.php(320): CodeIgniter\CodeIgniter->handleRequest(NULL, Object(Config\Cache), false)
#12 C:\xampp\htdocs\simag\public\index.php(37): CodeIgniter\CodeIgniter->run()
#13 {main}
ERROR - 2022-02-24 09:26:42 --> Cannot add or update a child row: a foreign key constraint fails (`simag`.`aktivitas`, CONSTRAINT `aktivitas_ibfk_1` FOREIGN KEY (`userId`) REFERENCES `user` (`id`) ON DELETE CASCADE ON UPDATE CASCADE)
CRITICAL - 2022-02-24 09:26:42 --> Cannot add or update a child row: a foreign key constraint fails (`simag`.`aktivitas`, CONSTRAINT `aktivitas_ibfk_1` FOREIGN KEY (`userId`) REFERENCES `user` (`id`) ON DELETE CASCADE ON UPDATE CASCADE)
#0 C:\xampp\htdocs\simag\system\Database\MySQLi\Connection.php(292): mysqli->query('INSERT INTO `ak...', 0)
#1 C:\xampp\htdocs\simag\system\Database\BaseConnection.php(670): CodeIgniter\Database\MySQLi\Connection->execute('INSERT INTO `ak...')
#2 C:\xampp\htdocs\simag\system\Database\BaseConnection.php(598): CodeIgniter\Database\BaseConnection->simpleQuery('INSERT INTO `ak...')
#3 C:\xampp\htdocs\simag\system\Database\BaseBuilder.php(1771): CodeIgniter\Database\BaseConnection->query('INSERT INTO `ak...', Array, false)
#4 C:\xampp\htdocs\simag\system\Model.php(239): CodeIgniter\Database\BaseBuilder->insert()
#5 C:\xampp\htdocs\simag\system\BaseModel.php(738): CodeIgniter\Model->doInsert(Array)
#6 C:\xampp\htdocs\simag\system\Model.php(625): CodeIgniter\BaseModel->insert(Array, false)
#7 C:\xampp\htdocs\simag\system\BaseModel.php(658): CodeIgniter\Model->insert(Array, false)
#8 C:\xampp\htdocs\simag\app\Controllers\AktivitasHarian.php(71): CodeIgniter\BaseModel->save(Array)
#9 C:\xampp\htdocs\simag\system\CodeIgniter.php(825): App\Controllers\AktivitasHarian->tambahAktivitas()
#10 C:\xampp\htdocs\simag\system\CodeIgniter.php(412): CodeIgniter\CodeIgniter->runController(Object(App\Controllers\AktivitasHarian))
#11 C:\xampp\htdocs\simag\system\CodeIgniter.php(320): CodeIgniter\CodeIgniter->handleRequest(NULL, Object(Config\Cache), false)
#12 C:\xampp\htdocs\simag\public\index.php(37): CodeIgniter\CodeIgniter->run()
#13 {main}
