CRITICAL - 2022-03-10 07:06:12 --> Too few arguments to function App\Controllers\AktivitasHarian::editAktivitas(), 0 passed in C:\xampp\htdocs\simag\system\CodeIgniter.php on line 825 and exactly 1 expected
#0 C:\xampp\htdocs\simag\system\CodeIgniter.php(825): App\Controllers\AktivitasHarian->editAktivitas()
#1 C:\xampp\htdocs\simag\system\CodeIgniter.php(412): CodeIgniter\CodeIgniter->runController(Object(App\Controllers\AktivitasHarian))
#2 C:\xampp\htdocs\simag\system\CodeIgniter.php(320): CodeIgniter\CodeIgniter->handleRequest(NULL, Object(Config\Cache), false)
#3 C:\xampp\htdocs\simag\public\index.php(37): CodeIgniter\CodeIgniter->run()
#4 {main}
CRITICAL - 2022-03-10 07:09:50 --> Too few arguments to function App\Controllers\AktivitasHarian::editAktivitas(), 0 passed in C:\xampp\htdocs\simag\system\CodeIgniter.php on line 825 and exactly 1 expected
#0 C:\xampp\htdocs\simag\system\CodeIgniter.php(825): App\Controllers\AktivitasHarian->editAktivitas()
#1 C:\xampp\htdocs\simag\system\CodeIgniter.php(412): CodeIgniter\CodeIgniter->runController(Object(App\Controllers\AktivitasHarian))
#2 C:\xampp\htdocs\simag\system\CodeIgniter.php(320): CodeIgniter\CodeIgniter->handleRequest(NULL, Object(Config\Cache), false)
#3 C:\xampp\htdocs\simag\public\index.php(37): CodeIgniter\CodeIgniter->run()
#4 {main}
CRITICAL - 2022-03-10 07:11:03 --> Too few arguments to function App\Controllers\AktivitasHarian::editAktivitas(), 0 passed in C:\xampp\htdocs\simag\system\CodeIgniter.php on line 825 and exactly 1 expected
#0 C:\xampp\htdocs\simag\system\CodeIgniter.php(825): App\Controllers\AktivitasHarian->editAktivitas()
#1 C:\xampp\htdocs\simag\system\CodeIgniter.php(412): CodeIgniter\CodeIgniter->runController(Object(App\Controllers\AktivitasHarian))
#2 C:\xampp\htdocs\simag\system\CodeIgniter.php(320): CodeIgniter\CodeIgniter->handleRequest(NULL, Object(Config\Cache), false)
#3 C:\xampp\htdocs\simag\public\index.php(37): CodeIgniter\CodeIgniter->run()
#4 {main}
CRITICAL - 2022-03-10 08:14:19 --> Undefined variable $setuju
#0 C:\xampp\htdocs\simag\app\Views\aktivitasharian.php(86): CodeIgniter\Debug\Exceptions->errorHandler(2, 'Undefined varia...', 'C:\\xampp\\htdocs...', 86)
#1 C:\xampp\htdocs\simag\system\View\View.php(210): include('C:\\xampp\\htdocs...')
#2 C:\xampp\htdocs\simag\system\View\View.php(213): CodeIgniter\View\View->CodeIgniter\View\{closure}()
#3 C:\xampp\htdocs\simag\system\Common.php(1089): CodeIgniter\View\View->render('aktivitasharian...', Array, true)
#4 C:\xampp\htdocs\simag\app\Controllers\AktivitasHarian.php(20): view('aktivitasharian...')
#5 C:\xampp\htdocs\simag\system\CodeIgniter.php(825): App\Controllers\AktivitasHarian->index()
#6 C:\xampp\htdocs\simag\system\CodeIgniter.php(412): CodeIgniter\CodeIgniter->runController(Object(App\Controllers\AktivitasHarian))
#7 C:\xampp\htdocs\simag\system\CodeIgniter.php(320): CodeIgniter\CodeIgniter->handleRequest(NULL, Object(Config\Cache), false)
#8 C:\xampp\htdocs\simag\public\index.php(37): CodeIgniter\CodeIgniter->run()
#9 {main}
CRITICAL - 2022-03-10 08:31:33 --> syntax error, unexpected token "endforeach"
#0 C:\xampp\htdocs\simag\system\View\View.php(213): CodeIgniter\View\View->CodeIgniter\View\{closure}()
#1 C:\xampp\htdocs\simag\system\Common.php(1089): CodeIgniter\View\View->render('aktivitasharian...', Array, true)
#2 C:\xampp\htdocs\simag\app\Controllers\AktivitasHarian.php(27): view('aktivitasharian...')
#3 C:\xampp\htdocs\simag\system\CodeIgniter.php(825): App\Controllers\AktivitasHarian->index()
#4 C:\xampp\htdocs\simag\system\CodeIgniter.php(412): CodeIgniter\CodeIgniter->runController(Object(App\Controllers\AktivitasHarian))
#5 C:\xampp\htdocs\simag\system\CodeIgniter.php(320): CodeIgniter\CodeIgniter->handleRequest(NULL, Object(Config\Cache), false)
#6 C:\xampp\htdocs\simag\public\index.php(37): CodeIgniter\CodeIgniter->run()
#7 {main}
