ERROR - 2022-02-03 09:25:53 --> Unknown column 'jeniskelamin' in 'field list'
CRITICAL - 2022-02-03 09:25:53 --> Unknown column 'jeniskelamin' in 'field list'
#0 C:\xampp\htdocs\simag\system\Database\MySQLi\Connection.php(292): mysqli->query('INSERT INTO `us...', 0)
#1 C:\xampp\htdocs\simag\system\Database\BaseConnection.php(670): CodeIgniter\Database\MySQLi\Connection->execute('INSERT INTO `us...')
#2 C:\xampp\htdocs\simag\system\Database\BaseConnection.php(598): CodeIgniter\Database\BaseConnection->simpleQuery('INSERT INTO `us...')
#3 C:\xampp\htdocs\simag\system\Database\BaseBuilder.php(1771): CodeIgniter\Database\BaseConnection->query('INSERT INTO `us...', Array, false)
#4 C:\xampp\htdocs\simag\system\Model.php(239): CodeIgniter\Database\BaseBuilder->insert()
#5 C:\xampp\htdocs\simag\system\BaseModel.php(738): CodeIgniter\Model->doInsert(Array)
#6 C:\xampp\htdocs\simag\system\Model.php(625): CodeIgniter\BaseModel->insert(Array, false)
#7 C:\xampp\htdocs\simag\system\BaseModel.php(658): CodeIgniter\Model->insert(Array, false)
#8 C:\xampp\htdocs\simag\app\Controllers\Register.php(25): CodeIgniter\BaseModel->save(Array)
#9 C:\xampp\htdocs\simag\system\CodeIgniter.php(825): App\Controllers\Register->index()
#10 C:\xampp\htdocs\simag\system\CodeIgniter.php(412): CodeIgniter\CodeIgniter->runController(Object(App\Controllers\Register))
#11 C:\xampp\htdocs\simag\system\CodeIgniter.php(320): CodeIgniter\CodeIgniter->handleRequest(NULL, Object(Config\Cache), false)
#12 C:\xampp\htdocs\simag\public\index.php(37): CodeIgniter\CodeIgniter->run()
#13 {main}
CRITICAL - 2022-02-03 09:41:13 --> Undefined array key "email"
#0 C:\xampp\htdocs\simag\app\Controllers\Register.php(27): CodeIgniter\Debug\Exceptions->errorHandler(2, 'Undefined array...', 'C:\\xampp\\htdocs...', 27)
#1 C:\xampp\htdocs\simag\system\CodeIgniter.php(825): App\Controllers\Register->index()
#2 C:\xampp\htdocs\simag\system\CodeIgniter.php(412): CodeIgniter\CodeIgniter->runController(Object(App\Controllers\Register))
#3 C:\xampp\htdocs\simag\system\CodeIgniter.php(320): CodeIgniter\CodeIgniter->handleRequest(NULL, Object(Config\Cache), false)
#4 C:\xampp\htdocs\simag\public\index.php(37): CodeIgniter\CodeIgniter->run()
#5 {main}
CRITICAL - 2022-02-03 09:42:17 --> Undefined array key "email"
#0 C:\xampp\htdocs\simag\app\Controllers\Register.php(27): CodeIgniter\Debug\Exceptions->errorHandler(2, 'Undefined array...', 'C:\\xampp\\htdocs...', 27)
#1 C:\xampp\htdocs\simag\system\CodeIgniter.php(825): App\Controllers\Register->index()
#2 C:\xampp\htdocs\simag\system\CodeIgniter.php(412): CodeIgniter\CodeIgniter->runController(Object(App\Controllers\Register))
#3 C:\xampp\htdocs\simag\system\CodeIgniter.php(320): CodeIgniter\CodeIgniter->handleRequest(NULL, Object(Config\Cache), false)
#4 C:\xampp\htdocs\simag\public\index.php(37): CodeIgniter\CodeIgniter->run()
#5 {main}
CRITICAL - 2022-02-03 10:01:54 --> The uploaded file has already been moved.
#0 C:\xampp\htdocs\simag\system\HTTP\Files\UploadedFile.php(133): CodeIgniter\HTTP\Exceptions\HTTPException::forAlreadyMoved()
#1 C:\xampp\htdocs\simag\app\Controllers\Register.php(42): CodeIgniter\HTTP\Files\UploadedFile->move('./assets/dokume...', '1643904113_dbc3...')
#2 C:\xampp\htdocs\simag\system\CodeIgniter.php(825): App\Controllers\Register->index()
#3 C:\xampp\htdocs\simag\system\CodeIgniter.php(412): CodeIgniter\CodeIgniter->runController(Object(App\Controllers\Register))
#4 C:\xampp\htdocs\simag\system\CodeIgniter.php(320): CodeIgniter\CodeIgniter->handleRequest(NULL, Object(Config\Cache), false)
#5 C:\xampp\htdocs\simag\public\index.php(37): CodeIgniter\CodeIgniter->run()
#6 {main}
