CRITICAL - 2022-02-21 07:50:26 --> Undefined array key "endDate"
#0 C:\xampp\htdocs\simag\app\Controllers\AuthGoogle.php(45): CodeIgniter\Debug\Exceptions->errorHandler(2, 'Undefined array...', 'C:\\xampp\\htdocs...', 45)
#1 C:\xampp\htdocs\simag\system\CodeIgniter.php(825): App\Controllers\AuthGoogle->index()
#2 C:\xampp\htdocs\simag\system\CodeIgniter.php(412): CodeIgniter\CodeIgniter->runController(Object(App\Controllers\AuthGoogle))
#3 C:\xampp\htdocs\simag\system\CodeIgniter.php(320): CodeIgniter\CodeIgniter->handleRequest(NULL, Object(Config\Cache), false)
#4 C:\xampp\htdocs\simag\public\index.php(37): CodeIgniter\CodeIgniter->run()
#5 {main}
CRITICAL - 2022-02-21 07:52:20 --> Undefined array key "endDate"
#0 C:\xampp\htdocs\simag\app\Controllers\AuthGoogle.php(45): CodeIgniter\Debug\Exceptions->errorHandler(2, 'Undefined array...', 'C:\\xampp\\htdocs...', 45)
#1 C:\xampp\htdocs\simag\system\CodeIgniter.php(825): App\Controllers\AuthGoogle->index()
#2 C:\xampp\htdocs\simag\system\CodeIgniter.php(412): CodeIgniter\CodeIgniter->runController(Object(App\Controllers\AuthGoogle))
#3 C:\xampp\htdocs\simag\system\CodeIgniter.php(320): CodeIgniter\CodeIgniter->handleRequest(NULL, Object(Config\Cache), false)
#4 C:\xampp\htdocs\simag\public\index.php(37): CodeIgniter\CodeIgniter->run()
#5 {main}
CRITICAL - 2022-02-21 07:54:40 --> Undefined array key "endDate"
#0 C:\xampp\htdocs\simag\app\Controllers\AuthGoogle.php(45): CodeIgniter\Debug\Exceptions->errorHandler(2, 'Undefined array...', 'C:\\xampp\\htdocs...', 45)
#1 C:\xampp\htdocs\simag\system\CodeIgniter.php(825): App\Controllers\AuthGoogle->index()
#2 C:\xampp\htdocs\simag\system\CodeIgniter.php(412): CodeIgniter\CodeIgniter->runController(Object(App\Controllers\AuthGoogle))
#3 C:\xampp\htdocs\simag\system\CodeIgniter.php(320): CodeIgniter\CodeIgniter->handleRequest(NULL, Object(Config\Cache), false)
#4 C:\xampp\htdocs\simag\public\index.php(37): CodeIgniter\CodeIgniter->run()
#5 {main}
CRITICAL - 2022-02-21 08:01:24 --> Undefined array key "access_token"
#0 C:\xampp\htdocs\simag\app\Controllers\AuthGoogle.php(32): CodeIgniter\Debug\Exceptions->errorHandler(2, 'Undefined array...', 'C:\\xampp\\htdocs...', 32)
#1 C:\xampp\htdocs\simag\system\CodeIgniter.php(825): App\Controllers\AuthGoogle->index()
#2 C:\xampp\htdocs\simag\system\CodeIgniter.php(412): CodeIgniter\CodeIgniter->runController(Object(App\Controllers\AuthGoogle))
#3 C:\xampp\htdocs\simag\system\CodeIgniter.php(320): CodeIgniter\CodeIgniter->handleRequest(NULL, Object(Config\Cache), false)
#4 C:\xampp\htdocs\simag\public\index.php(37): CodeIgniter\CodeIgniter->run()
#5 {main}
CRITICAL - 2022-02-21 08:01:58 --> Undefined array key "access_token"
#0 C:\xampp\htdocs\simag\app\Controllers\AuthGoogle.php(32): CodeIgniter\Debug\Exceptions->errorHandler(2, 'Undefined array...', 'C:\\xampp\\htdocs...', 32)
#1 C:\xampp\htdocs\simag\system\CodeIgniter.php(825): App\Controllers\AuthGoogle->index()
#2 C:\xampp\htdocs\simag\system\CodeIgniter.php(412): CodeIgniter\CodeIgniter->runController(Object(App\Controllers\AuthGoogle))
#3 C:\xampp\htdocs\simag\system\CodeIgniter.php(320): CodeIgniter\CodeIgniter->handleRequest(NULL, Object(Config\Cache), false)
#4 C:\xampp\htdocs\simag\public\index.php(37): CodeIgniter\CodeIgniter->run()
#5 {main}
ERROR - 2022-02-21 09:10:20 --> Unknown column 'aktiviitas.status' in 'where clause'
CRITICAL - 2022-02-21 09:10:20 --> Unknown column 'aktiviitas.status' in 'where clause'
#0 C:\xampp\htdocs\simag\system\Database\MySQLi\Connection.php(292): mysqli->query('SELECT *\nFROM `...', 0)
#1 C:\xampp\htdocs\simag\system\Database\BaseConnection.php(670): CodeIgniter\Database\MySQLi\Connection->execute('SELECT *\nFROM `...')
#2 C:\xampp\htdocs\simag\system\Database\BaseConnection.php(598): CodeIgniter\Database\BaseConnection->simpleQuery('SELECT *\nFROM `...')
#3 C:\xampp\htdocs\simag\system\Database\BaseBuilder.php(1455): CodeIgniter\Database\BaseConnection->query('SELECT *\nFROM `...', Array, false)
#4 C:\xampp\htdocs\simag\system\Model.php(728): CodeIgniter\Database\BaseBuilder->get()
#5 C:\xampp\htdocs\simag\app\Controllers\Admin.php(215): CodeIgniter\Model->__call('get', Array)
#6 C:\xampp\htdocs\simag\system\CodeIgniter.php(825): App\Controllers\Admin->dataAktivitas()
#7 C:\xampp\htdocs\simag\system\CodeIgniter.php(412): CodeIgniter\CodeIgniter->runController(Object(App\Controllers\Admin))
#8 C:\xampp\htdocs\simag\system\CodeIgniter.php(320): CodeIgniter\CodeIgniter->handleRequest(NULL, Object(Config\Cache), false)
#9 C:\xampp\htdocs\simag\public\index.php(37): CodeIgniter\CodeIgniter->run()
#10 {main}
ERROR - 2022-02-21 09:11:05 --> Column 'status' in where clause is ambiguous
CRITICAL - 2022-02-21 09:11:05 --> Column 'status' in where clause is ambiguous
#0 C:\xampp\htdocs\simag\system\Database\MySQLi\Connection.php(292): mysqli->query('SELECT *\nFROM `...', 0)
#1 C:\xampp\htdocs\simag\system\Database\BaseConnection.php(670): CodeIgniter\Database\MySQLi\Connection->execute('SELECT *\nFROM `...')
#2 C:\xampp\htdocs\simag\system\Database\BaseConnection.php(598): CodeIgniter\Database\BaseConnection->simpleQuery('SELECT *\nFROM `...')
#3 C:\xampp\htdocs\simag\system\Database\BaseBuilder.php(1455): CodeIgniter\Database\BaseConnection->query('SELECT *\nFROM `...', Array, false)
#4 C:\xampp\htdocs\simag\system\Model.php(728): CodeIgniter\Database\BaseBuilder->get()
#5 C:\xampp\htdocs\simag\app\Controllers\Admin.php(215): CodeIgniter\Model->__call('get', Array)
#6 C:\xampp\htdocs\simag\system\CodeIgniter.php(825): App\Controllers\Admin->dataAktivitas()
#7 C:\xampp\htdocs\simag\system\CodeIgniter.php(412): CodeIgniter\CodeIgniter->runController(Object(App\Controllers\Admin))
#8 C:\xampp\htdocs\simag\system\CodeIgniter.php(320): CodeIgniter\CodeIgniter->handleRequest(NULL, Object(Config\Cache), false)
#9 C:\xampp\htdocs\simag\public\index.php(37): CodeIgniter\CodeIgniter->run()
#10 {main}
CRITICAL - 2022-02-21 10:05:28 --> Trying to access array offset on value of type null
#0 C:\xampp\htdocs\simag\app\Views\admin\detailpeserta.php(27): CodeIgniter\Debug\Exceptions->errorHandler(2, 'Trying to acces...', 'C:\\xampp\\htdocs...', 27)
#1 C:\xampp\htdocs\simag\system\View\View.php(210): include('C:\\xampp\\htdocs...')
#2 C:\xampp\htdocs\simag\system\View\View.php(213): CodeIgniter\View\View->CodeIgniter\View\{closure}()
#3 C:\xampp\htdocs\simag\system\Common.php(1089): CodeIgniter\View\View->render('admin/detailpes...', Array, true)
#4 C:\xampp\htdocs\simag\app\Controllers\Admin.php(190): view('admin/detailpes...')
#5 C:\xampp\htdocs\simag\system\CodeIgniter.php(825): App\Controllers\Admin->detailPeserta('Viona Febriana-...')
#6 C:\xampp\htdocs\simag\system\CodeIgniter.php(412): CodeIgniter\CodeIgniter->runController(Object(App\Controllers\Admin))
#7 C:\xampp\htdocs\simag\system\CodeIgniter.php(320): CodeIgniter\CodeIgniter->handleRequest(NULL, Object(Config\Cache), false)
#8 C:\xampp\htdocs\simag\public\index.php(37): CodeIgniter\CodeIgniter->run()
#9 {main}
CRITICAL - 2022-02-21 10:08:20 --> Trying to access array offset on value of type null
#0 C:\xampp\htdocs\simag\app\Views\admin\detailpeserta.php(27): CodeIgniter\Debug\Exceptions->errorHandler(2, 'Trying to acces...', 'C:\\xampp\\htdocs...', 27)
#1 C:\xampp\htdocs\simag\system\View\View.php(210): include('C:\\xampp\\htdocs...')
#2 C:\xampp\htdocs\simag\system\View\View.php(213): CodeIgniter\View\View->CodeIgniter\View\{closure}()
#3 C:\xampp\htdocs\simag\system\Common.php(1089): CodeIgniter\View\View->render('admin/detailpes...', Array, true)
#4 C:\xampp\htdocs\simag\app\Controllers\Admin.php(190): view('admin/detailpes...')
#5 C:\xampp\htdocs\simag\system\CodeIgniter.php(825): App\Controllers\Admin->detailPeserta('Viona Febriana-...')
#6 C:\xampp\htdocs\simag\system\CodeIgniter.php(412): CodeIgniter\CodeIgniter->runController(Object(App\Controllers\Admin))
#7 C:\xampp\htdocs\simag\system\CodeIgniter.php(320): CodeIgniter\CodeIgniter->handleRequest(NULL, Object(Config\Cache), false)
#8 C:\xampp\htdocs\simag\public\index.php(37): CodeIgniter\CodeIgniter->run()
#9 {main}
CRITICAL - 2022-02-21 10:09:31 --> Trying to access array offset on value of type null
#0 C:\xampp\htdocs\simag\app\Views\admin\detailpeserta.php(27): CodeIgniter\Debug\Exceptions->errorHandler(2, 'Trying to acces...', 'C:\\xampp\\htdocs...', 27)
#1 C:\xampp\htdocs\simag\system\View\View.php(210): include('C:\\xampp\\htdocs...')
#2 C:\xampp\htdocs\simag\system\View\View.php(213): CodeIgniter\View\View->CodeIgniter\View\{closure}()
#3 C:\xampp\htdocs\simag\system\Common.php(1089): CodeIgniter\View\View->render('admin/detailpes...', Array, true)
#4 C:\xampp\htdocs\simag\app\Controllers\Admin.php(190): view('admin/detailpes...')
#5 C:\xampp\htdocs\simag\system\CodeIgniter.php(825): App\Controllers\Admin->detailPeserta('Viona Febriana-...')
#6 C:\xampp\htdocs\simag\system\CodeIgniter.php(412): CodeIgniter\CodeIgniter->runController(Object(App\Controllers\Admin))
#7 C:\xampp\htdocs\simag\system\CodeIgniter.php(320): CodeIgniter\CodeIgniter->handleRequest(NULL, Object(Config\Cache), false)
#8 C:\xampp\htdocs\simag\public\index.php(37): CodeIgniter\CodeIgniter->run()
#9 {main}
CRITICAL - 2022-02-21 10:11:01 --> Trying to access array offset on value of type null
#0 C:\xampp\htdocs\simag\app\Views\admin\detailpeserta.php(27): CodeIgniter\Debug\Exceptions->errorHandler(2, 'Trying to acces...', 'C:\\xampp\\htdocs...', 27)
#1 C:\xampp\htdocs\simag\system\View\View.php(210): include('C:\\xampp\\htdocs...')
#2 C:\xampp\htdocs\simag\system\View\View.php(213): CodeIgniter\View\View->CodeIgniter\View\{closure}()
#3 C:\xampp\htdocs\simag\system\Common.php(1089): CodeIgniter\View\View->render('admin/detailpes...', Array, true)
#4 C:\xampp\htdocs\simag\app\Controllers\Admin.php(190): view('admin/detailpes...')
#5 C:\xampp\htdocs\simag\system\CodeIgniter.php(825): App\Controllers\Admin->detailPeserta('Viona Febriana-...')
#6 C:\xampp\htdocs\simag\system\CodeIgniter.php(412): CodeIgniter\CodeIgniter->runController(Object(App\Controllers\Admin))
#7 C:\xampp\htdocs\simag\system\CodeIgniter.php(320): CodeIgniter\CodeIgniter->handleRequest(NULL, Object(Config\Cache), false)
#8 C:\xampp\htdocs\simag\public\index.php(37): CodeIgniter\CodeIgniter->run()
#9 {main}
CRITICAL - 2022-02-21 10:11:07 --> Trying to access array offset on value of type null
#0 C:\xampp\htdocs\simag\app\Views\admin\detailpeserta.php(27): CodeIgniter\Debug\Exceptions->errorHandler(2, 'Trying to acces...', 'C:\\xampp\\htdocs...', 27)
#1 C:\xampp\htdocs\simag\system\View\View.php(210): include('C:\\xampp\\htdocs...')
#2 C:\xampp\htdocs\simag\system\View\View.php(213): CodeIgniter\View\View->CodeIgniter\View\{closure}()
#3 C:\xampp\htdocs\simag\system\Common.php(1089): CodeIgniter\View\View->render('admin/detailpes...', Array, true)
#4 C:\xampp\htdocs\simag\app\Controllers\Admin.php(190): view('admin/detailpes...')
#5 C:\xampp\htdocs\simag\system\CodeIgniter.php(825): App\Controllers\Admin->detailPeserta('Viona Febriana-...')
#6 C:\xampp\htdocs\simag\system\CodeIgniter.php(412): CodeIgniter\CodeIgniter->runController(Object(App\Controllers\Admin))
#7 C:\xampp\htdocs\simag\system\CodeIgniter.php(320): CodeIgniter\CodeIgniter->handleRequest(NULL, Object(Config\Cache), false)
#8 C:\xampp\htdocs\simag\public\index.php(37): CodeIgniter\CodeIgniter->run()
#9 {main}
CRITICAL - 2022-02-21 10:11:43 --> Trying to access array offset on value of type null
#0 C:\xampp\htdocs\simag\app\Views\admin\detailpeserta.php(27): CodeIgniter\Debug\Exceptions->errorHandler(2, 'Trying to acces...', 'C:\\xampp\\htdocs...', 27)
#1 C:\xampp\htdocs\simag\system\View\View.php(210): include('C:\\xampp\\htdocs...')
#2 C:\xampp\htdocs\simag\system\View\View.php(213): CodeIgniter\View\View->CodeIgniter\View\{closure}()
#3 C:\xampp\htdocs\simag\system\Common.php(1089): CodeIgniter\View\View->render('admin/detailpes...', Array, true)
#4 C:\xampp\htdocs\simag\app\Controllers\Admin.php(190): view('admin/detailpes...')
#5 C:\xampp\htdocs\simag\system\CodeIgniter.php(825): App\Controllers\Admin->detailPeserta('Viona Febriana-...')
#6 C:\xampp\htdocs\simag\system\CodeIgniter.php(412): CodeIgniter\CodeIgniter->runController(Object(App\Controllers\Admin))
#7 C:\xampp\htdocs\simag\system\CodeIgniter.php(320): CodeIgniter\CodeIgniter->handleRequest(NULL, Object(Config\Cache), false)
#8 C:\xampp\htdocs\simag\public\index.php(37): CodeIgniter\CodeIgniter->run()
#9 {main}
