ERROR - 2022-06-07 10:00:52 --> Column 'latitude' cannot be null
CRITICAL - 2022-06-07 10:00:53 --> Column 'latitude' cannot be null
#0 C:\xampp\htdocs\simag\system\Database\MySQLi\Connection.php(292): mysqli->query('INSERT INTO `ab...', 0)
#1 C:\xampp\htdocs\simag\system\Database\BaseConnection.php(670): CodeIgniter\Database\MySQLi\Connection->execute('INSERT INTO `ab...')
#2 C:\xampp\htdocs\simag\system\Database\BaseConnection.php(598): CodeIgniter\Database\BaseConnection->simpleQuery('INSERT INTO `ab...')
#3 C:\xampp\htdocs\simag\system\Database\BaseBuilder.php(1771): CodeIgniter\Database\BaseConnection->query('INSERT INTO `ab...', Array, false)
#4 C:\xampp\htdocs\simag\system\Model.php(239): CodeIgniter\Database\BaseBuilder->insert()
#5 C:\xampp\htdocs\simag\system\BaseModel.php(738): CodeIgniter\Model->doInsert(Array)
#6 C:\xampp\htdocs\simag\system\Model.php(625): CodeIgniter\BaseModel->insert(Array, true)
#7 C:\xampp\htdocs\simag\app\Controllers\Peserta.php(48): CodeIgniter\Model->insert(Array)
#8 C:\xampp\htdocs\simag\system\CodeIgniter.php(825): App\Controllers\Peserta->addAbsen()
#9 C:\xampp\htdocs\simag\system\CodeIgniter.php(412): CodeIgniter\CodeIgniter->runController(Object(App\Controllers\Peserta))
#10 C:\xampp\htdocs\simag\system\CodeIgniter.php(320): CodeIgniter\CodeIgniter->handleRequest(NULL, Object(Config\Cache), false)
#11 C:\xampp\htdocs\simag\public\index.php(37): CodeIgniter\CodeIgniter->run()
#12 {main}
ERROR - 2022-06-07 10:01:06 --> Column 'latitude' cannot be null
CRITICAL - 2022-06-07 10:01:06 --> Column 'latitude' cannot be null
#0 C:\xampp\htdocs\simag\system\Database\MySQLi\Connection.php(292): mysqli->query('INSERT INTO `ab...', 0)
#1 C:\xampp\htdocs\simag\system\Database\BaseConnection.php(670): CodeIgniter\Database\MySQLi\Connection->execute('INSERT INTO `ab...')
#2 C:\xampp\htdocs\simag\system\Database\BaseConnection.php(598): CodeIgniter\Database\BaseConnection->simpleQuery('INSERT INTO `ab...')
#3 C:\xampp\htdocs\simag\system\Database\BaseBuilder.php(1771): CodeIgniter\Database\BaseConnection->query('INSERT INTO `ab...', Array, false)
#4 C:\xampp\htdocs\simag\system\Model.php(239): CodeIgniter\Database\BaseBuilder->insert()
#5 C:\xampp\htdocs\simag\system\BaseModel.php(738): CodeIgniter\Model->doInsert(Array)
#6 C:\xampp\htdocs\simag\system\Model.php(625): CodeIgniter\BaseModel->insert(Array, true)
#7 C:\xampp\htdocs\simag\app\Controllers\Peserta.php(48): CodeIgniter\Model->insert(Array)
#8 C:\xampp\htdocs\simag\system\CodeIgniter.php(825): App\Controllers\Peserta->addAbsen()
#9 C:\xampp\htdocs\simag\system\CodeIgniter.php(412): CodeIgniter\CodeIgniter->runController(Object(App\Controllers\Peserta))
#10 C:\xampp\htdocs\simag\system\CodeIgniter.php(320): CodeIgniter\CodeIgniter->handleRequest(NULL, Object(Config\Cache), false)
#11 C:\xampp\htdocs\simag\public\index.php(37): CodeIgniter\CodeIgniter->run()
#12 {main}
ERROR - 2022-06-07 10:01:07 --> Column 'latitude' cannot be null
CRITICAL - 2022-06-07 10:01:07 --> Column 'latitude' cannot be null
#0 C:\xampp\htdocs\simag\system\Database\MySQLi\Connection.php(292): mysqli->query('INSERT INTO `ab...', 0)
#1 C:\xampp\htdocs\simag\system\Database\BaseConnection.php(670): CodeIgniter\Database\MySQLi\Connection->execute('INSERT INTO `ab...')
#2 C:\xampp\htdocs\simag\system\Database\BaseConnection.php(598): CodeIgniter\Database\BaseConnection->simpleQuery('INSERT INTO `ab...')
#3 C:\xampp\htdocs\simag\system\Database\BaseBuilder.php(1771): CodeIgniter\Database\BaseConnection->query('INSERT INTO `ab...', Array, false)
#4 C:\xampp\htdocs\simag\system\Model.php(239): CodeIgniter\Database\BaseBuilder->insert()
#5 C:\xampp\htdocs\simag\system\BaseModel.php(738): CodeIgniter\Model->doInsert(Array)
#6 C:\xampp\htdocs\simag\system\Model.php(625): CodeIgniter\BaseModel->insert(Array, true)
#7 C:\xampp\htdocs\simag\app\Controllers\Peserta.php(48): CodeIgniter\Model->insert(Array)
#8 C:\xampp\htdocs\simag\system\CodeIgniter.php(825): App\Controllers\Peserta->addAbsen()
#9 C:\xampp\htdocs\simag\system\CodeIgniter.php(412): CodeIgniter\CodeIgniter->runController(Object(App\Controllers\Peserta))
#10 C:\xampp\htdocs\simag\system\CodeIgniter.php(320): CodeIgniter\CodeIgniter->handleRequest(NULL, Object(Config\Cache), false)
#11 C:\xampp\htdocs\simag\public\index.php(37): CodeIgniter\CodeIgniter->run()
#12 {main}
ERROR - 2022-06-07 10:01:07 --> Column 'latitude' cannot be null
CRITICAL - 2022-06-07 10:01:07 --> Column 'latitude' cannot be null
#0 C:\xampp\htdocs\simag\system\Database\MySQLi\Connection.php(292): mysqli->query('INSERT INTO `ab...', 0)
#1 C:\xampp\htdocs\simag\system\Database\BaseConnection.php(670): CodeIgniter\Database\MySQLi\Connection->execute('INSERT INTO `ab...')
#2 C:\xampp\htdocs\simag\system\Database\BaseConnection.php(598): CodeIgniter\Database\BaseConnection->simpleQuery('INSERT INTO `ab...')
#3 C:\xampp\htdocs\simag\system\Database\BaseBuilder.php(1771): CodeIgniter\Database\BaseConnection->query('INSERT INTO `ab...', Array, false)
#4 C:\xampp\htdocs\simag\system\Model.php(239): CodeIgniter\Database\BaseBuilder->insert()
#5 C:\xampp\htdocs\simag\system\BaseModel.php(738): CodeIgniter\Model->doInsert(Array)
#6 C:\xampp\htdocs\simag\system\Model.php(625): CodeIgniter\BaseModel->insert(Array, true)
#7 C:\xampp\htdocs\simag\app\Controllers\Peserta.php(48): CodeIgniter\Model->insert(Array)
#8 C:\xampp\htdocs\simag\system\CodeIgniter.php(825): App\Controllers\Peserta->addAbsen()
#9 C:\xampp\htdocs\simag\system\CodeIgniter.php(412): CodeIgniter\CodeIgniter->runController(Object(App\Controllers\Peserta))
#10 C:\xampp\htdocs\simag\system\CodeIgniter.php(320): CodeIgniter\CodeIgniter->handleRequest(NULL, Object(Config\Cache), false)
#11 C:\xampp\htdocs\simag\public\index.php(37): CodeIgniter\CodeIgniter->run()
#12 {main}
ERROR - 2022-06-07 10:01:07 --> Column 'latitude' cannot be null
CRITICAL - 2022-06-07 10:01:07 --> Column 'latitude' cannot be null
#0 C:\xampp\htdocs\simag\system\Database\MySQLi\Connection.php(292): mysqli->query('INSERT INTO `ab...', 0)
#1 C:\xampp\htdocs\simag\system\Database\BaseConnection.php(670): CodeIgniter\Database\MySQLi\Connection->execute('INSERT INTO `ab...')
#2 C:\xampp\htdocs\simag\system\Database\BaseConnection.php(598): CodeIgniter\Database\BaseConnection->simpleQuery('INSERT INTO `ab...')
#3 C:\xampp\htdocs\simag\system\Database\BaseBuilder.php(1771): CodeIgniter\Database\BaseConnection->query('INSERT INTO `ab...', Array, false)
#4 C:\xampp\htdocs\simag\system\Model.php(239): CodeIgniter\Database\BaseBuilder->insert()
#5 C:\xampp\htdocs\simag\system\BaseModel.php(738): CodeIgniter\Model->doInsert(Array)
#6 C:\xampp\htdocs\simag\system\Model.php(625): CodeIgniter\BaseModel->insert(Array, true)
#7 C:\xampp\htdocs\simag\app\Controllers\Peserta.php(48): CodeIgniter\Model->insert(Array)
#8 C:\xampp\htdocs\simag\system\CodeIgniter.php(825): App\Controllers\Peserta->addAbsen()
#9 C:\xampp\htdocs\simag\system\CodeIgniter.php(412): CodeIgniter\CodeIgniter->runController(Object(App\Controllers\Peserta))
#10 C:\xampp\htdocs\simag\system\CodeIgniter.php(320): CodeIgniter\CodeIgniter->handleRequest(NULL, Object(Config\Cache), false)
#11 C:\xampp\htdocs\simag\public\index.php(37): CodeIgniter\CodeIgniter->run()
#12 {main}
ERROR - 2022-06-07 10:01:07 --> Column 'latitude' cannot be null
CRITICAL - 2022-06-07 10:01:07 --> Column 'latitude' cannot be null
#0 C:\xampp\htdocs\simag\system\Database\MySQLi\Connection.php(292): mysqli->query('INSERT INTO `ab...', 0)
#1 C:\xampp\htdocs\simag\system\Database\BaseConnection.php(670): CodeIgniter\Database\MySQLi\Connection->execute('INSERT INTO `ab...')
#2 C:\xampp\htdocs\simag\system\Database\BaseConnection.php(598): CodeIgniter\Database\BaseConnection->simpleQuery('INSERT INTO `ab...')
#3 C:\xampp\htdocs\simag\system\Database\BaseBuilder.php(1771): CodeIgniter\Database\BaseConnection->query('INSERT INTO `ab...', Array, false)
#4 C:\xampp\htdocs\simag\system\Model.php(239): CodeIgniter\Database\BaseBuilder->insert()
#5 C:\xampp\htdocs\simag\system\BaseModel.php(738): CodeIgniter\Model->doInsert(Array)
#6 C:\xampp\htdocs\simag\system\Model.php(625): CodeIgniter\BaseModel->insert(Array, true)
#7 C:\xampp\htdocs\simag\app\Controllers\Peserta.php(48): CodeIgniter\Model->insert(Array)
#8 C:\xampp\htdocs\simag\system\CodeIgniter.php(825): App\Controllers\Peserta->addAbsen()
#9 C:\xampp\htdocs\simag\system\CodeIgniter.php(412): CodeIgniter\CodeIgniter->runController(Object(App\Controllers\Peserta))
#10 C:\xampp\htdocs\simag\system\CodeIgniter.php(320): CodeIgniter\CodeIgniter->handleRequest(NULL, Object(Config\Cache), false)
#11 C:\xampp\htdocs\simag\public\index.php(37): CodeIgniter\CodeIgniter->run()
#12 {main}
ERROR - 2022-06-07 10:01:07 --> Column 'latitude' cannot be null
CRITICAL - 2022-06-07 10:01:07 --> Column 'latitude' cannot be null
#0 C:\xampp\htdocs\simag\system\Database\MySQLi\Connection.php(292): mysqli->query('INSERT INTO `ab...', 0)
#1 C:\xampp\htdocs\simag\system\Database\BaseConnection.php(670): CodeIgniter\Database\MySQLi\Connection->execute('INSERT INTO `ab...')
#2 C:\xampp\htdocs\simag\system\Database\BaseConnection.php(598): CodeIgniter\Database\BaseConnection->simpleQuery('INSERT INTO `ab...')
#3 C:\xampp\htdocs\simag\system\Database\BaseBuilder.php(1771): CodeIgniter\Database\BaseConnection->query('INSERT INTO `ab...', Array, false)
#4 C:\xampp\htdocs\simag\system\Model.php(239): CodeIgniter\Database\BaseBuilder->insert()
#5 C:\xampp\htdocs\simag\system\BaseModel.php(738): CodeIgniter\Model->doInsert(Array)
#6 C:\xampp\htdocs\simag\system\Model.php(625): CodeIgniter\BaseModel->insert(Array, true)
#7 C:\xampp\htdocs\simag\app\Controllers\Peserta.php(48): CodeIgniter\Model->insert(Array)
#8 C:\xampp\htdocs\simag\system\CodeIgniter.php(825): App\Controllers\Peserta->addAbsen()
#9 C:\xampp\htdocs\simag\system\CodeIgniter.php(412): CodeIgniter\CodeIgniter->runController(Object(App\Controllers\Peserta))
#10 C:\xampp\htdocs\simag\system\CodeIgniter.php(320): CodeIgniter\CodeIgniter->handleRequest(NULL, Object(Config\Cache), false)
#11 C:\xampp\htdocs\simag\public\index.php(37): CodeIgniter\CodeIgniter->run()
#12 {main}
ERROR - 2022-06-07 10:04:16 --> Column 'latitude' cannot be null
CRITICAL - 2022-06-07 10:04:16 --> Column 'latitude' cannot be null
#0 C:\xampp\htdocs\simag\system\Database\MySQLi\Connection.php(292): mysqli->query('INSERT INTO `ab...', 0)
#1 C:\xampp\htdocs\simag\system\Database\BaseConnection.php(670): CodeIgniter\Database\MySQLi\Connection->execute('INSERT INTO `ab...')
#2 C:\xampp\htdocs\simag\system\Database\BaseConnection.php(598): CodeIgniter\Database\BaseConnection->simpleQuery('INSERT INTO `ab...')
#3 C:\xampp\htdocs\simag\system\Database\BaseBuilder.php(1771): CodeIgniter\Database\BaseConnection->query('INSERT INTO `ab...', Array, false)
#4 C:\xampp\htdocs\simag\system\Model.php(239): CodeIgniter\Database\BaseBuilder->insert()
#5 C:\xampp\htdocs\simag\system\BaseModel.php(738): CodeIgniter\Model->doInsert(Array)
#6 C:\xampp\htdocs\simag\system\Model.php(625): CodeIgniter\BaseModel->insert(Array, true)
#7 C:\xampp\htdocs\simag\app\Controllers\Peserta.php(48): CodeIgniter\Model->insert(Array)
#8 C:\xampp\htdocs\simag\system\CodeIgniter.php(825): App\Controllers\Peserta->addAbsen()
#9 C:\xampp\htdocs\simag\system\CodeIgniter.php(412): CodeIgniter\CodeIgniter->runController(Object(App\Controllers\Peserta))
#10 C:\xampp\htdocs\simag\system\CodeIgniter.php(320): CodeIgniter\CodeIgniter->handleRequest(NULL, Object(Config\Cache), false)
#11 C:\xampp\htdocs\simag\public\index.php(37): CodeIgniter\CodeIgniter->run()
#12 {main}
ERROR - 2022-06-07 10:04:17 --> Column 'latitude' cannot be null
CRITICAL - 2022-06-07 10:04:17 --> Column 'latitude' cannot be null
#0 C:\xampp\htdocs\simag\system\Database\MySQLi\Connection.php(292): mysqli->query('INSERT INTO `ab...', 0)
#1 C:\xampp\htdocs\simag\system\Database\BaseConnection.php(670): CodeIgniter\Database\MySQLi\Connection->execute('INSERT INTO `ab...')
#2 C:\xampp\htdocs\simag\system\Database\BaseConnection.php(598): CodeIgniter\Database\BaseConnection->simpleQuery('INSERT INTO `ab...')
#3 C:\xampp\htdocs\simag\system\Database\BaseBuilder.php(1771): CodeIgniter\Database\BaseConnection->query('INSERT INTO `ab...', Array, false)
#4 C:\xampp\htdocs\simag\system\Model.php(239): CodeIgniter\Database\BaseBuilder->insert()
#5 C:\xampp\htdocs\simag\system\BaseModel.php(738): CodeIgniter\Model->doInsert(Array)
#6 C:\xampp\htdocs\simag\system\Model.php(625): CodeIgniter\BaseModel->insert(Array, true)
#7 C:\xampp\htdocs\simag\app\Controllers\Peserta.php(48): CodeIgniter\Model->insert(Array)
#8 C:\xampp\htdocs\simag\system\CodeIgniter.php(825): App\Controllers\Peserta->addAbsen()
#9 C:\xampp\htdocs\simag\system\CodeIgniter.php(412): CodeIgniter\CodeIgniter->runController(Object(App\Controllers\Peserta))
#10 C:\xampp\htdocs\simag\system\CodeIgniter.php(320): CodeIgniter\CodeIgniter->handleRequest(NULL, Object(Config\Cache), false)
#11 C:\xampp\htdocs\simag\public\index.php(37): CodeIgniter\CodeIgniter->run()
#12 {main}
ERROR - 2022-06-07 10:08:21 --> Column 'latitude' cannot be null
CRITICAL - 2022-06-07 10:08:21 --> Column 'latitude' cannot be null
#0 C:\xampp\htdocs\simag\system\Database\MySQLi\Connection.php(292): mysqli->query('INSERT INTO `ab...', 0)
#1 C:\xampp\htdocs\simag\system\Database\BaseConnection.php(670): CodeIgniter\Database\MySQLi\Connection->execute('INSERT INTO `ab...')
#2 C:\xampp\htdocs\simag\system\Database\BaseConnection.php(598): CodeIgniter\Database\BaseConnection->simpleQuery('INSERT INTO `ab...')
#3 C:\xampp\htdocs\simag\system\Database\BaseBuilder.php(1771): CodeIgniter\Database\BaseConnection->query('INSERT INTO `ab...', Array, false)
#4 C:\xampp\htdocs\simag\system\Model.php(239): CodeIgniter\Database\BaseBuilder->insert()
#5 C:\xampp\htdocs\simag\system\BaseModel.php(738): CodeIgniter\Model->doInsert(Array)
#6 C:\xampp\htdocs\simag\system\Model.php(625): CodeIgniter\BaseModel->insert(Array, true)
#7 C:\xampp\htdocs\simag\app\Controllers\Peserta.php(48): CodeIgniter\Model->insert(Array)
#8 C:\xampp\htdocs\simag\system\CodeIgniter.php(825): App\Controllers\Peserta->addAbsen()
#9 C:\xampp\htdocs\simag\system\CodeIgniter.php(412): CodeIgniter\CodeIgniter->runController(Object(App\Controllers\Peserta))
#10 C:\xampp\htdocs\simag\system\CodeIgniter.php(320): CodeIgniter\CodeIgniter->handleRequest(NULL, Object(Config\Cache), false)
#11 C:\xampp\htdocs\simag\public\index.php(37): CodeIgniter\CodeIgniter->run()
#12 {main}
ERROR - 2022-06-07 10:08:24 --> Column 'latitude' cannot be null
CRITICAL - 2022-06-07 10:08:24 --> Column 'latitude' cannot be null
#0 C:\xampp\htdocs\simag\system\Database\MySQLi\Connection.php(292): mysqli->query('INSERT INTO `ab...', 0)
#1 C:\xampp\htdocs\simag\system\Database\BaseConnection.php(670): CodeIgniter\Database\MySQLi\Connection->execute('INSERT INTO `ab...')
#2 C:\xampp\htdocs\simag\system\Database\BaseConnection.php(598): CodeIgniter\Database\BaseConnection->simpleQuery('INSERT INTO `ab...')
#3 C:\xampp\htdocs\simag\system\Database\BaseBuilder.php(1771): CodeIgniter\Database\BaseConnection->query('INSERT INTO `ab...', Array, false)
#4 C:\xampp\htdocs\simag\system\Model.php(239): CodeIgniter\Database\BaseBuilder->insert()
#5 C:\xampp\htdocs\simag\system\BaseModel.php(738): CodeIgniter\Model->doInsert(Array)
#6 C:\xampp\htdocs\simag\system\Model.php(625): CodeIgniter\BaseModel->insert(Array, true)
#7 C:\xampp\htdocs\simag\app\Controllers\Peserta.php(48): CodeIgniter\Model->insert(Array)
#8 C:\xampp\htdocs\simag\system\CodeIgniter.php(825): App\Controllers\Peserta->addAbsen()
#9 C:\xampp\htdocs\simag\system\CodeIgniter.php(412): CodeIgniter\CodeIgniter->runController(Object(App\Controllers\Peserta))
#10 C:\xampp\htdocs\simag\system\CodeIgniter.php(320): CodeIgniter\CodeIgniter->handleRequest(NULL, Object(Config\Cache), false)
#11 C:\xampp\htdocs\simag\public\index.php(37): CodeIgniter\CodeIgniter->run()
#12 {main}
ERROR - 2022-06-07 10:08:25 --> Column 'latitude' cannot be null
CRITICAL - 2022-06-07 10:08:25 --> Column 'latitude' cannot be null
#0 C:\xampp\htdocs\simag\system\Database\MySQLi\Connection.php(292): mysqli->query('INSERT INTO `ab...', 0)
#1 C:\xampp\htdocs\simag\system\Database\BaseConnection.php(670): CodeIgniter\Database\MySQLi\Connection->execute('INSERT INTO `ab...')
#2 C:\xampp\htdocs\simag\system\Database\BaseConnection.php(598): CodeIgniter\Database\BaseConnection->simpleQuery('INSERT INTO `ab...')
#3 C:\xampp\htdocs\simag\system\Database\BaseBuilder.php(1771): CodeIgniter\Database\BaseConnection->query('INSERT INTO `ab...', Array, false)
#4 C:\xampp\htdocs\simag\system\Model.php(239): CodeIgniter\Database\BaseBuilder->insert()
#5 C:\xampp\htdocs\simag\system\BaseModel.php(738): CodeIgniter\Model->doInsert(Array)
#6 C:\xampp\htdocs\simag\system\Model.php(625): CodeIgniter\BaseModel->insert(Array, true)
#7 C:\xampp\htdocs\simag\app\Controllers\Peserta.php(48): CodeIgniter\Model->insert(Array)
#8 C:\xampp\htdocs\simag\system\CodeIgniter.php(825): App\Controllers\Peserta->addAbsen()
#9 C:\xampp\htdocs\simag\system\CodeIgniter.php(412): CodeIgniter\CodeIgniter->runController(Object(App\Controllers\Peserta))
#10 C:\xampp\htdocs\simag\system\CodeIgniter.php(320): CodeIgniter\CodeIgniter->handleRequest(NULL, Object(Config\Cache), false)
#11 C:\xampp\htdocs\simag\public\index.php(37): CodeIgniter\CodeIgniter->run()
#12 {main}
ERROR - 2022-06-07 10:08:25 --> Column 'latitude' cannot be null
CRITICAL - 2022-06-07 10:08:25 --> Column 'latitude' cannot be null
#0 C:\xampp\htdocs\simag\system\Database\MySQLi\Connection.php(292): mysqli->query('INSERT INTO `ab...', 0)
#1 C:\xampp\htdocs\simag\system\Database\BaseConnection.php(670): CodeIgniter\Database\MySQLi\Connection->execute('INSERT INTO `ab...')
#2 C:\xampp\htdocs\simag\system\Database\BaseConnection.php(598): CodeIgniter\Database\BaseConnection->simpleQuery('INSERT INTO `ab...')
#3 C:\xampp\htdocs\simag\system\Database\BaseBuilder.php(1771): CodeIgniter\Database\BaseConnection->query('INSERT INTO `ab...', Array, false)
#4 C:\xampp\htdocs\simag\system\Model.php(239): CodeIgniter\Database\BaseBuilder->insert()
#5 C:\xampp\htdocs\simag\system\BaseModel.php(738): CodeIgniter\Model->doInsert(Array)
#6 C:\xampp\htdocs\simag\system\Model.php(625): CodeIgniter\BaseModel->insert(Array, true)
#7 C:\xampp\htdocs\simag\app\Controllers\Peserta.php(48): CodeIgniter\Model->insert(Array)
#8 C:\xampp\htdocs\simag\system\CodeIgniter.php(825): App\Controllers\Peserta->addAbsen()
#9 C:\xampp\htdocs\simag\system\CodeIgniter.php(412): CodeIgniter\CodeIgniter->runController(Object(App\Controllers\Peserta))
#10 C:\xampp\htdocs\simag\system\CodeIgniter.php(320): CodeIgniter\CodeIgniter->handleRequest(NULL, Object(Config\Cache), false)
#11 C:\xampp\htdocs\simag\public\index.php(37): CodeIgniter\CodeIgniter->run()
#12 {main}
ERROR - 2022-06-07 10:08:26 --> Column 'latitude' cannot be null
CRITICAL - 2022-06-07 10:08:26 --> Column 'latitude' cannot be null
#0 C:\xampp\htdocs\simag\system\Database\MySQLi\Connection.php(292): mysqli->query('INSERT INTO `ab...', 0)
#1 C:\xampp\htdocs\simag\system\Database\BaseConnection.php(670): CodeIgniter\Database\MySQLi\Connection->execute('INSERT INTO `ab...')
#2 C:\xampp\htdocs\simag\system\Database\BaseConnection.php(598): CodeIgniter\Database\BaseConnection->simpleQuery('INSERT INTO `ab...')
#3 C:\xampp\htdocs\simag\system\Database\BaseBuilder.php(1771): CodeIgniter\Database\BaseConnection->query('INSERT INTO `ab...', Array, false)
#4 C:\xampp\htdocs\simag\system\Model.php(239): CodeIgniter\Database\BaseBuilder->insert()
#5 C:\xampp\htdocs\simag\system\BaseModel.php(738): CodeIgniter\Model->doInsert(Array)
#6 C:\xampp\htdocs\simag\system\Model.php(625): CodeIgniter\BaseModel->insert(Array, true)
#7 C:\xampp\htdocs\simag\app\Controllers\Peserta.php(48): CodeIgniter\Model->insert(Array)
#8 C:\xampp\htdocs\simag\system\CodeIgniter.php(825): App\Controllers\Peserta->addAbsen()
#9 C:\xampp\htdocs\simag\system\CodeIgniter.php(412): CodeIgniter\CodeIgniter->runController(Object(App\Controllers\Peserta))
#10 C:\xampp\htdocs\simag\system\CodeIgniter.php(320): CodeIgniter\CodeIgniter->handleRequest(NULL, Object(Config\Cache), false)
#11 C:\xampp\htdocs\simag\public\index.php(37): CodeIgniter\CodeIgniter->run()
#12 {main}
ERROR - 2022-06-07 10:08:26 --> Column 'latitude' cannot be null
CRITICAL - 2022-06-07 10:08:26 --> Column 'latitude' cannot be null
#0 C:\xampp\htdocs\simag\system\Database\MySQLi\Connection.php(292): mysqli->query('INSERT INTO `ab...', 0)
#1 C:\xampp\htdocs\simag\system\Database\BaseConnection.php(670): CodeIgniter\Database\MySQLi\Connection->execute('INSERT INTO `ab...')
#2 C:\xampp\htdocs\simag\system\Database\BaseConnection.php(598): CodeIgniter\Database\BaseConnection->simpleQuery('INSERT INTO `ab...')
#3 C:\xampp\htdocs\simag\system\Database\BaseBuilder.php(1771): CodeIgniter\Database\BaseConnection->query('INSERT INTO `ab...', Array, false)
#4 C:\xampp\htdocs\simag\system\Model.php(239): CodeIgniter\Database\BaseBuilder->insert()
#5 C:\xampp\htdocs\simag\system\BaseModel.php(738): CodeIgniter\Model->doInsert(Array)
#6 C:\xampp\htdocs\simag\system\Model.php(625): CodeIgniter\BaseModel->insert(Array, true)
#7 C:\xampp\htdocs\simag\app\Controllers\Peserta.php(48): CodeIgniter\Model->insert(Array)
#8 C:\xampp\htdocs\simag\system\CodeIgniter.php(825): App\Controllers\Peserta->addAbsen()
#9 C:\xampp\htdocs\simag\system\CodeIgniter.php(412): CodeIgniter\CodeIgniter->runController(Object(App\Controllers\Peserta))
#10 C:\xampp\htdocs\simag\system\CodeIgniter.php(320): CodeIgniter\CodeIgniter->handleRequest(NULL, Object(Config\Cache), false)
#11 C:\xampp\htdocs\simag\public\index.php(37): CodeIgniter\CodeIgniter->run()
#12 {main}
ERROR - 2022-06-07 10:08:26 --> Column 'latitude' cannot be null
CRITICAL - 2022-06-07 10:08:26 --> Column 'latitude' cannot be null
#0 C:\xampp\htdocs\simag\system\Database\MySQLi\Connection.php(292): mysqli->query('INSERT INTO `ab...', 0)
#1 C:\xampp\htdocs\simag\system\Database\BaseConnection.php(670): CodeIgniter\Database\MySQLi\Connection->execute('INSERT INTO `ab...')
#2 C:\xampp\htdocs\simag\system\Database\BaseConnection.php(598): CodeIgniter\Database\BaseConnection->simpleQuery('INSERT INTO `ab...')
#3 C:\xampp\htdocs\simag\system\Database\BaseBuilder.php(1771): CodeIgniter\Database\BaseConnection->query('INSERT INTO `ab...', Array, false)
#4 C:\xampp\htdocs\simag\system\Model.php(239): CodeIgniter\Database\BaseBuilder->insert()
#5 C:\xampp\htdocs\simag\system\BaseModel.php(738): CodeIgniter\Model->doInsert(Array)
#6 C:\xampp\htdocs\simag\system\Model.php(625): CodeIgniter\BaseModel->insert(Array, true)
#7 C:\xampp\htdocs\simag\app\Controllers\Peserta.php(48): CodeIgniter\Model->insert(Array)
#8 C:\xampp\htdocs\simag\system\CodeIgniter.php(825): App\Controllers\Peserta->addAbsen()
#9 C:\xampp\htdocs\simag\system\CodeIgniter.php(412): CodeIgniter\CodeIgniter->runController(Object(App\Controllers\Peserta))
#10 C:\xampp\htdocs\simag\system\CodeIgniter.php(320): CodeIgniter\CodeIgniter->handleRequest(NULL, Object(Config\Cache), false)
#11 C:\xampp\htdocs\simag\public\index.php(37): CodeIgniter\CodeIgniter->run()
#12 {main}
ERROR - 2022-06-07 10:08:43 --> Column 'latitude' cannot be null
CRITICAL - 2022-06-07 10:08:43 --> Column 'latitude' cannot be null
#0 C:\xampp\htdocs\simag\system\Database\MySQLi\Connection.php(292): mysqli->query('INSERT INTO `ab...', 0)
#1 C:\xampp\htdocs\simag\system\Database\BaseConnection.php(670): CodeIgniter\Database\MySQLi\Connection->execute('INSERT INTO `ab...')
#2 C:\xampp\htdocs\simag\system\Database\BaseConnection.php(598): CodeIgniter\Database\BaseConnection->simpleQuery('INSERT INTO `ab...')
#3 C:\xampp\htdocs\simag\system\Database\BaseBuilder.php(1771): CodeIgniter\Database\BaseConnection->query('INSERT INTO `ab...', Array, false)
#4 C:\xampp\htdocs\simag\system\Model.php(239): CodeIgniter\Database\BaseBuilder->insert()
#5 C:\xampp\htdocs\simag\system\BaseModel.php(738): CodeIgniter\Model->doInsert(Array)
#6 C:\xampp\htdocs\simag\system\Model.php(625): CodeIgniter\BaseModel->insert(Array, true)
#7 C:\xampp\htdocs\simag\app\Controllers\Peserta.php(48): CodeIgniter\Model->insert(Array)
#8 C:\xampp\htdocs\simag\system\CodeIgniter.php(825): App\Controllers\Peserta->addAbsen()
#9 C:\xampp\htdocs\simag\system\CodeIgniter.php(412): CodeIgniter\CodeIgniter->runController(Object(App\Controllers\Peserta))
#10 C:\xampp\htdocs\simag\system\CodeIgniter.php(320): CodeIgniter\CodeIgniter->handleRequest(NULL, Object(Config\Cache), false)
#11 C:\xampp\htdocs\simag\public\index.php(37): CodeIgniter\CodeIgniter->run()
#12 {main}
ERROR - 2022-06-07 10:08:43 --> Column 'latitude' cannot be null
CRITICAL - 2022-06-07 10:08:43 --> Column 'latitude' cannot be null
#0 C:\xampp\htdocs\simag\system\Database\MySQLi\Connection.php(292): mysqli->query('INSERT INTO `ab...', 0)
#1 C:\xampp\htdocs\simag\system\Database\BaseConnection.php(670): CodeIgniter\Database\MySQLi\Connection->execute('INSERT INTO `ab...')
#2 C:\xampp\htdocs\simag\system\Database\BaseConnection.php(598): CodeIgniter\Database\BaseConnection->simpleQuery('INSERT INTO `ab...')
#3 C:\xampp\htdocs\simag\system\Database\BaseBuilder.php(1771): CodeIgniter\Database\BaseConnection->query('INSERT INTO `ab...', Array, false)
#4 C:\xampp\htdocs\simag\system\Model.php(239): CodeIgniter\Database\BaseBuilder->insert()
#5 C:\xampp\htdocs\simag\system\BaseModel.php(738): CodeIgniter\Model->doInsert(Array)
#6 C:\xampp\htdocs\simag\system\Model.php(625): CodeIgniter\BaseModel->insert(Array, true)
#7 C:\xampp\htdocs\simag\app\Controllers\Peserta.php(48): CodeIgniter\Model->insert(Array)
#8 C:\xampp\htdocs\simag\system\CodeIgniter.php(825): App\Controllers\Peserta->addAbsen()
#9 C:\xampp\htdocs\simag\system\CodeIgniter.php(412): CodeIgniter\CodeIgniter->runController(Object(App\Controllers\Peserta))
#10 C:\xampp\htdocs\simag\system\CodeIgniter.php(320): CodeIgniter\CodeIgniter->handleRequest(NULL, Object(Config\Cache), false)
#11 C:\xampp\htdocs\simag\public\index.php(37): CodeIgniter\CodeIgniter->run()
#12 {main}
ERROR - 2022-06-07 10:08:43 --> Column 'latitude' cannot be null
CRITICAL - 2022-06-07 10:08:43 --> Column 'latitude' cannot be null
#0 C:\xampp\htdocs\simag\system\Database\MySQLi\Connection.php(292): mysqli->query('INSERT INTO `ab...', 0)
#1 C:\xampp\htdocs\simag\system\Database\BaseConnection.php(670): CodeIgniter\Database\MySQLi\Connection->execute('INSERT INTO `ab...')
#2 C:\xampp\htdocs\simag\system\Database\BaseConnection.php(598): CodeIgniter\Database\BaseConnection->simpleQuery('INSERT INTO `ab...')
#3 C:\xampp\htdocs\simag\system\Database\BaseBuilder.php(1771): CodeIgniter\Database\BaseConnection->query('INSERT INTO `ab...', Array, false)
#4 C:\xampp\htdocs\simag\system\Model.php(239): CodeIgniter\Database\BaseBuilder->insert()
#5 C:\xampp\htdocs\simag\system\BaseModel.php(738): CodeIgniter\Model->doInsert(Array)
#6 C:\xampp\htdocs\simag\system\Model.php(625): CodeIgniter\BaseModel->insert(Array, true)
#7 C:\xampp\htdocs\simag\app\Controllers\Peserta.php(48): CodeIgniter\Model->insert(Array)
#8 C:\xampp\htdocs\simag\system\CodeIgniter.php(825): App\Controllers\Peserta->addAbsen()
#9 C:\xampp\htdocs\simag\system\CodeIgniter.php(412): CodeIgniter\CodeIgniter->runController(Object(App\Controllers\Peserta))
#10 C:\xampp\htdocs\simag\system\CodeIgniter.php(320): CodeIgniter\CodeIgniter->handleRequest(NULL, Object(Config\Cache), false)
#11 C:\xampp\htdocs\simag\public\index.php(37): CodeIgniter\CodeIgniter->run()
#12 {main}
ERROR - 2022-06-07 10:08:43 --> Column 'latitude' cannot be null
CRITICAL - 2022-06-07 10:08:43 --> Column 'latitude' cannot be null
#0 C:\xampp\htdocs\simag\system\Database\MySQLi\Connection.php(292): mysqli->query('INSERT INTO `ab...', 0)
#1 C:\xampp\htdocs\simag\system\Database\BaseConnection.php(670): CodeIgniter\Database\MySQLi\Connection->execute('INSERT INTO `ab...')
#2 C:\xampp\htdocs\simag\system\Database\BaseConnection.php(598): CodeIgniter\Database\BaseConnection->simpleQuery('INSERT INTO `ab...')
#3 C:\xampp\htdocs\simag\system\Database\BaseBuilder.php(1771): CodeIgniter\Database\BaseConnection->query('INSERT INTO `ab...', Array, false)
#4 C:\xampp\htdocs\simag\system\Model.php(239): CodeIgniter\Database\BaseBuilder->insert()
#5 C:\xampp\htdocs\simag\system\BaseModel.php(738): CodeIgniter\Model->doInsert(Array)
#6 C:\xampp\htdocs\simag\system\Model.php(625): CodeIgniter\BaseModel->insert(Array, true)
#7 C:\xampp\htdocs\simag\app\Controllers\Peserta.php(48): CodeIgniter\Model->insert(Array)
#8 C:\xampp\htdocs\simag\system\CodeIgniter.php(825): App\Controllers\Peserta->addAbsen()
#9 C:\xampp\htdocs\simag\system\CodeIgniter.php(412): CodeIgniter\CodeIgniter->runController(Object(App\Controllers\Peserta))
#10 C:\xampp\htdocs\simag\system\CodeIgniter.php(320): CodeIgniter\CodeIgniter->handleRequest(NULL, Object(Config\Cache), false)
#11 C:\xampp\htdocs\simag\public\index.php(37): CodeIgniter\CodeIgniter->run()
#12 {main}
ERROR - 2022-06-07 10:08:44 --> Column 'latitude' cannot be null
CRITICAL - 2022-06-07 10:08:44 --> Column 'latitude' cannot be null
#0 C:\xampp\htdocs\simag\system\Database\MySQLi\Connection.php(292): mysqli->query('INSERT INTO `ab...', 0)
#1 C:\xampp\htdocs\simag\system\Database\BaseConnection.php(670): CodeIgniter\Database\MySQLi\Connection->execute('INSERT INTO `ab...')
#2 C:\xampp\htdocs\simag\system\Database\BaseConnection.php(598): CodeIgniter\Database\BaseConnection->simpleQuery('INSERT INTO `ab...')
#3 C:\xampp\htdocs\simag\system\Database\BaseBuilder.php(1771): CodeIgniter\Database\BaseConnection->query('INSERT INTO `ab...', Array, false)
#4 C:\xampp\htdocs\simag\system\Model.php(239): CodeIgniter\Database\BaseBuilder->insert()
#5 C:\xampp\htdocs\simag\system\BaseModel.php(738): CodeIgniter\Model->doInsert(Array)
#6 C:\xampp\htdocs\simag\system\Model.php(625): CodeIgniter\BaseModel->insert(Array, true)
#7 C:\xampp\htdocs\simag\app\Controllers\Peserta.php(48): CodeIgniter\Model->insert(Array)
#8 C:\xampp\htdocs\simag\system\CodeIgniter.php(825): App\Controllers\Peserta->addAbsen()
#9 C:\xampp\htdocs\simag\system\CodeIgniter.php(412): CodeIgniter\CodeIgniter->runController(Object(App\Controllers\Peserta))
#10 C:\xampp\htdocs\simag\system\CodeIgniter.php(320): CodeIgniter\CodeIgniter->handleRequest(NULL, Object(Config\Cache), false)
#11 C:\xampp\htdocs\simag\public\index.php(37): CodeIgniter\CodeIgniter->run()
#12 {main}
ERROR - 2022-06-07 10:08:44 --> Column 'latitude' cannot be null
CRITICAL - 2022-06-07 10:08:44 --> Column 'latitude' cannot be null
#0 C:\xampp\htdocs\simag\system\Database\MySQLi\Connection.php(292): mysqli->query('INSERT INTO `ab...', 0)
#1 C:\xampp\htdocs\simag\system\Database\BaseConnection.php(670): CodeIgniter\Database\MySQLi\Connection->execute('INSERT INTO `ab...')
#2 C:\xampp\htdocs\simag\system\Database\BaseConnection.php(598): CodeIgniter\Database\BaseConnection->simpleQuery('INSERT INTO `ab...')
#3 C:\xampp\htdocs\simag\system\Database\BaseBuilder.php(1771): CodeIgniter\Database\BaseConnection->query('INSERT INTO `ab...', Array, false)
#4 C:\xampp\htdocs\simag\system\Model.php(239): CodeIgniter\Database\BaseBuilder->insert()
#5 C:\xampp\htdocs\simag\system\BaseModel.php(738): CodeIgniter\Model->doInsert(Array)
#6 C:\xampp\htdocs\simag\system\Model.php(625): CodeIgniter\BaseModel->insert(Array, true)
#7 C:\xampp\htdocs\simag\app\Controllers\Peserta.php(48): CodeIgniter\Model->insert(Array)
#8 C:\xampp\htdocs\simag\system\CodeIgniter.php(825): App\Controllers\Peserta->addAbsen()
#9 C:\xampp\htdocs\simag\system\CodeIgniter.php(412): CodeIgniter\CodeIgniter->runController(Object(App\Controllers\Peserta))
#10 C:\xampp\htdocs\simag\system\CodeIgniter.php(320): CodeIgniter\CodeIgniter->handleRequest(NULL, Object(Config\Cache), false)
#11 C:\xampp\htdocs\simag\public\index.php(37): CodeIgniter\CodeIgniter->run()
#12 {main}
ERROR - 2022-06-07 10:13:47 --> Column 'latitude' cannot be null
CRITICAL - 2022-06-07 10:13:47 --> Column 'latitude' cannot be null
#0 C:\xampp\htdocs\simag\system\Database\MySQLi\Connection.php(292): mysqli->query('INSERT INTO `ab...', 0)
#1 C:\xampp\htdocs\simag\system\Database\BaseConnection.php(670): CodeIgniter\Database\MySQLi\Connection->execute('INSERT INTO `ab...')
#2 C:\xampp\htdocs\simag\system\Database\BaseConnection.php(598): CodeIgniter\Database\BaseConnection->simpleQuery('INSERT INTO `ab...')
#3 C:\xampp\htdocs\simag\system\Database\BaseBuilder.php(1771): CodeIgniter\Database\BaseConnection->query('INSERT INTO `ab...', Array, false)
#4 C:\xampp\htdocs\simag\system\Model.php(239): CodeIgniter\Database\BaseBuilder->insert()
#5 C:\xampp\htdocs\simag\system\BaseModel.php(738): CodeIgniter\Model->doInsert(Array)
#6 C:\xampp\htdocs\simag\system\Model.php(625): CodeIgniter\BaseModel->insert(Array, true)
#7 C:\xampp\htdocs\simag\app\Controllers\Peserta.php(48): CodeIgniter\Model->insert(Array)
#8 C:\xampp\htdocs\simag\system\CodeIgniter.php(825): App\Controllers\Peserta->addAbsen()
#9 C:\xampp\htdocs\simag\system\CodeIgniter.php(412): CodeIgniter\CodeIgniter->runController(Object(App\Controllers\Peserta))
#10 C:\xampp\htdocs\simag\system\CodeIgniter.php(320): CodeIgniter\CodeIgniter->handleRequest(NULL, Object(Config\Cache), false)
#11 C:\xampp\htdocs\simag\public\index.php(37): CodeIgniter\CodeIgniter->run()
#12 {main}
ERROR - 2022-06-07 10:13:48 --> Column 'latitude' cannot be null
CRITICAL - 2022-06-07 10:13:48 --> Column 'latitude' cannot be null
#0 C:\xampp\htdocs\simag\system\Database\MySQLi\Connection.php(292): mysqli->query('INSERT INTO `ab...', 0)
#1 C:\xampp\htdocs\simag\system\Database\BaseConnection.php(670): CodeIgniter\Database\MySQLi\Connection->execute('INSERT INTO `ab...')
#2 C:\xampp\htdocs\simag\system\Database\BaseConnection.php(598): CodeIgniter\Database\BaseConnection->simpleQuery('INSERT INTO `ab...')
#3 C:\xampp\htdocs\simag\system\Database\BaseBuilder.php(1771): CodeIgniter\Database\BaseConnection->query('INSERT INTO `ab...', Array, false)
#4 C:\xampp\htdocs\simag\system\Model.php(239): CodeIgniter\Database\BaseBuilder->insert()
#5 C:\xampp\htdocs\simag\system\BaseModel.php(738): CodeIgniter\Model->doInsert(Array)
#6 C:\xampp\htdocs\simag\system\Model.php(625): CodeIgniter\BaseModel->insert(Array, true)
#7 C:\xampp\htdocs\simag\app\Controllers\Peserta.php(48): CodeIgniter\Model->insert(Array)
#8 C:\xampp\htdocs\simag\system\CodeIgniter.php(825): App\Controllers\Peserta->addAbsen()
#9 C:\xampp\htdocs\simag\system\CodeIgniter.php(412): CodeIgniter\CodeIgniter->runController(Object(App\Controllers\Peserta))
#10 C:\xampp\htdocs\simag\system\CodeIgniter.php(320): CodeIgniter\CodeIgniter->handleRequest(NULL, Object(Config\Cache), false)
#11 C:\xampp\htdocs\simag\public\index.php(37): CodeIgniter\CodeIgniter->run()
#12 {main}
ERROR - 2022-06-07 10:13:48 --> Column 'latitude' cannot be null
CRITICAL - 2022-06-07 10:13:48 --> Column 'latitude' cannot be null
#0 C:\xampp\htdocs\simag\system\Database\MySQLi\Connection.php(292): mysqli->query('INSERT INTO `ab...', 0)
#1 C:\xampp\htdocs\simag\system\Database\BaseConnection.php(670): CodeIgniter\Database\MySQLi\Connection->execute('INSERT INTO `ab...')
#2 C:\xampp\htdocs\simag\system\Database\BaseConnection.php(598): CodeIgniter\Database\BaseConnection->simpleQuery('INSERT INTO `ab...')
#3 C:\xampp\htdocs\simag\system\Database\BaseBuilder.php(1771): CodeIgniter\Database\BaseConnection->query('INSERT INTO `ab...', Array, false)
#4 C:\xampp\htdocs\simag\system\Model.php(239): CodeIgniter\Database\BaseBuilder->insert()
#5 C:\xampp\htdocs\simag\system\BaseModel.php(738): CodeIgniter\Model->doInsert(Array)
#6 C:\xampp\htdocs\simag\system\Model.php(625): CodeIgniter\BaseModel->insert(Array, true)
#7 C:\xampp\htdocs\simag\app\Controllers\Peserta.php(48): CodeIgniter\Model->insert(Array)
#8 C:\xampp\htdocs\simag\system\CodeIgniter.php(825): App\Controllers\Peserta->addAbsen()
#9 C:\xampp\htdocs\simag\system\CodeIgniter.php(412): CodeIgniter\CodeIgniter->runController(Object(App\Controllers\Peserta))
#10 C:\xampp\htdocs\simag\system\CodeIgniter.php(320): CodeIgniter\CodeIgniter->handleRequest(NULL, Object(Config\Cache), false)
#11 C:\xampp\htdocs\simag\public\index.php(37): CodeIgniter\CodeIgniter->run()
#12 {main}
ERROR - 2022-06-07 10:27:22 --> Column 'latitude' cannot be null
CRITICAL - 2022-06-07 10:27:22 --> Column 'latitude' cannot be null
#0 C:\xampp\htdocs\simag\system\Database\MySQLi\Connection.php(292): mysqli->query('INSERT INTO `ab...', 0)
#1 C:\xampp\htdocs\simag\system\Database\BaseConnection.php(670): CodeIgniter\Database\MySQLi\Connection->execute('INSERT INTO `ab...')
#2 C:\xampp\htdocs\simag\system\Database\BaseConnection.php(598): CodeIgniter\Database\BaseConnection->simpleQuery('INSERT INTO `ab...')
#3 C:\xampp\htdocs\simag\system\Database\BaseBuilder.php(1771): CodeIgniter\Database\BaseConnection->query('INSERT INTO `ab...', Array, false)
#4 C:\xampp\htdocs\simag\system\Model.php(239): CodeIgniter\Database\BaseBuilder->insert()
#5 C:\xampp\htdocs\simag\system\BaseModel.php(738): CodeIgniter\Model->doInsert(Array)
#6 C:\xampp\htdocs\simag\system\Model.php(625): CodeIgniter\BaseModel->insert(Array, true)
#7 C:\xampp\htdocs\simag\app\Controllers\Peserta.php(48): CodeIgniter\Model->insert(Array)
#8 C:\xampp\htdocs\simag\system\CodeIgniter.php(825): App\Controllers\Peserta->addAbsen()
#9 C:\xampp\htdocs\simag\system\CodeIgniter.php(412): CodeIgniter\CodeIgniter->runController(Object(App\Controllers\Peserta))
#10 C:\xampp\htdocs\simag\system\CodeIgniter.php(320): CodeIgniter\CodeIgniter->handleRequest(NULL, Object(Config\Cache), false)
#11 C:\xampp\htdocs\simag\public\index.php(37): CodeIgniter\CodeIgniter->run()
#12 {main}
ERROR - 2022-06-07 10:27:24 --> Column 'latitude' cannot be null
CRITICAL - 2022-06-07 10:27:24 --> Column 'latitude' cannot be null
#0 C:\xampp\htdocs\simag\system\Database\MySQLi\Connection.php(292): mysqli->query('INSERT INTO `ab...', 0)
#1 C:\xampp\htdocs\simag\system\Database\BaseConnection.php(670): CodeIgniter\Database\MySQLi\Connection->execute('INSERT INTO `ab...')
#2 C:\xampp\htdocs\simag\system\Database\BaseConnection.php(598): CodeIgniter\Database\BaseConnection->simpleQuery('INSERT INTO `ab...')
#3 C:\xampp\htdocs\simag\system\Database\BaseBuilder.php(1771): CodeIgniter\Database\BaseConnection->query('INSERT INTO `ab...', Array, false)
#4 C:\xampp\htdocs\simag\system\Model.php(239): CodeIgniter\Database\BaseBuilder->insert()
#5 C:\xampp\htdocs\simag\system\BaseModel.php(738): CodeIgniter\Model->doInsert(Array)
#6 C:\xampp\htdocs\simag\system\Model.php(625): CodeIgniter\BaseModel->insert(Array, true)
#7 C:\xampp\htdocs\simag\app\Controllers\Peserta.php(48): CodeIgniter\Model->insert(Array)
#8 C:\xampp\htdocs\simag\system\CodeIgniter.php(825): App\Controllers\Peserta->addAbsen()
#9 C:\xampp\htdocs\simag\system\CodeIgniter.php(412): CodeIgniter\CodeIgniter->runController(Object(App\Controllers\Peserta))
#10 C:\xampp\htdocs\simag\system\CodeIgniter.php(320): CodeIgniter\CodeIgniter->handleRequest(NULL, Object(Config\Cache), false)
#11 C:\xampp\htdocs\simag\public\index.php(37): CodeIgniter\CodeIgniter->run()
#12 {main}
ERROR - 2022-06-07 10:27:28 --> Column 'latitude' cannot be null
CRITICAL - 2022-06-07 10:27:28 --> Column 'latitude' cannot be null
#0 C:\xampp\htdocs\simag\system\Database\MySQLi\Connection.php(292): mysqli->query('INSERT INTO `ab...', 0)
#1 C:\xampp\htdocs\simag\system\Database\BaseConnection.php(670): CodeIgniter\Database\MySQLi\Connection->execute('INSERT INTO `ab...')
#2 C:\xampp\htdocs\simag\system\Database\BaseConnection.php(598): CodeIgniter\Database\BaseConnection->simpleQuery('INSERT INTO `ab...')
#3 C:\xampp\htdocs\simag\system\Database\BaseBuilder.php(1771): CodeIgniter\Database\BaseConnection->query('INSERT INTO `ab...', Array, false)
#4 C:\xampp\htdocs\simag\system\Model.php(239): CodeIgniter\Database\BaseBuilder->insert()
#5 C:\xampp\htdocs\simag\system\BaseModel.php(738): CodeIgniter\Model->doInsert(Array)
#6 C:\xampp\htdocs\simag\system\Model.php(625): CodeIgniter\BaseModel->insert(Array, true)
#7 C:\xampp\htdocs\simag\app\Controllers\Peserta.php(48): CodeIgniter\Model->insert(Array)
#8 C:\xampp\htdocs\simag\system\CodeIgniter.php(825): App\Controllers\Peserta->addAbsen()
#9 C:\xampp\htdocs\simag\system\CodeIgniter.php(412): CodeIgniter\CodeIgniter->runController(Object(App\Controllers\Peserta))
#10 C:\xampp\htdocs\simag\system\CodeIgniter.php(320): CodeIgniter\CodeIgniter->handleRequest(NULL, Object(Config\Cache), false)
#11 C:\xampp\htdocs\simag\public\index.php(37): CodeIgniter\CodeIgniter->run()
#12 {main}
ERROR - 2022-06-07 10:27:29 --> Column 'latitude' cannot be null
CRITICAL - 2022-06-07 10:27:29 --> Column 'latitude' cannot be null
#0 C:\xampp\htdocs\simag\system\Database\MySQLi\Connection.php(292): mysqli->query('INSERT INTO `ab...', 0)
#1 C:\xampp\htdocs\simag\system\Database\BaseConnection.php(670): CodeIgniter\Database\MySQLi\Connection->execute('INSERT INTO `ab...')
#2 C:\xampp\htdocs\simag\system\Database\BaseConnection.php(598): CodeIgniter\Database\BaseConnection->simpleQuery('INSERT INTO `ab...')
#3 C:\xampp\htdocs\simag\system\Database\BaseBuilder.php(1771): CodeIgniter\Database\BaseConnection->query('INSERT INTO `ab...', Array, false)
#4 C:\xampp\htdocs\simag\system\Model.php(239): CodeIgniter\Database\BaseBuilder->insert()
#5 C:\xampp\htdocs\simag\system\BaseModel.php(738): CodeIgniter\Model->doInsert(Array)
#6 C:\xampp\htdocs\simag\system\Model.php(625): CodeIgniter\BaseModel->insert(Array, true)
#7 C:\xampp\htdocs\simag\app\Controllers\Peserta.php(48): CodeIgniter\Model->insert(Array)
#8 C:\xampp\htdocs\simag\system\CodeIgniter.php(825): App\Controllers\Peserta->addAbsen()
#9 C:\xampp\htdocs\simag\system\CodeIgniter.php(412): CodeIgniter\CodeIgniter->runController(Object(App\Controllers\Peserta))
#10 C:\xampp\htdocs\simag\system\CodeIgniter.php(320): CodeIgniter\CodeIgniter->handleRequest(NULL, Object(Config\Cache), false)
#11 C:\xampp\htdocs\simag\public\index.php(37): CodeIgniter\CodeIgniter->run()
#12 {main}
ERROR - 2022-06-07 10:27:30 --> Column 'latitude' cannot be null
CRITICAL - 2022-06-07 10:27:30 --> Column 'latitude' cannot be null
#0 C:\xampp\htdocs\simag\system\Database\MySQLi\Connection.php(292): mysqli->query('INSERT INTO `ab...', 0)
#1 C:\xampp\htdocs\simag\system\Database\BaseConnection.php(670): CodeIgniter\Database\MySQLi\Connection->execute('INSERT INTO `ab...')
#2 C:\xampp\htdocs\simag\system\Database\BaseConnection.php(598): CodeIgniter\Database\BaseConnection->simpleQuery('INSERT INTO `ab...')
#3 C:\xampp\htdocs\simag\system\Database\BaseBuilder.php(1771): CodeIgniter\Database\BaseConnection->query('INSERT INTO `ab...', Array, false)
#4 C:\xampp\htdocs\simag\system\Model.php(239): CodeIgniter\Database\BaseBuilder->insert()
#5 C:\xampp\htdocs\simag\system\BaseModel.php(738): CodeIgniter\Model->doInsert(Array)
#6 C:\xampp\htdocs\simag\system\Model.php(625): CodeIgniter\BaseModel->insert(Array, true)
#7 C:\xampp\htdocs\simag\app\Controllers\Peserta.php(48): CodeIgniter\Model->insert(Array)
#8 C:\xampp\htdocs\simag\system\CodeIgniter.php(825): App\Controllers\Peserta->addAbsen()
#9 C:\xampp\htdocs\simag\system\CodeIgniter.php(412): CodeIgniter\CodeIgniter->runController(Object(App\Controllers\Peserta))
#10 C:\xampp\htdocs\simag\system\CodeIgniter.php(320): CodeIgniter\CodeIgniter->handleRequest(NULL, Object(Config\Cache), false)
#11 C:\xampp\htdocs\simag\public\index.php(37): CodeIgniter\CodeIgniter->run()
#12 {main}
ERROR - 2022-06-07 10:27:32 --> Column 'latitude' cannot be null
CRITICAL - 2022-06-07 10:27:32 --> Column 'latitude' cannot be null
#0 C:\xampp\htdocs\simag\system\Database\MySQLi\Connection.php(292): mysqli->query('INSERT INTO `ab...', 0)
#1 C:\xampp\htdocs\simag\system\Database\BaseConnection.php(670): CodeIgniter\Database\MySQLi\Connection->execute('INSERT INTO `ab...')
#2 C:\xampp\htdocs\simag\system\Database\BaseConnection.php(598): CodeIgniter\Database\BaseConnection->simpleQuery('INSERT INTO `ab...')
#3 C:\xampp\htdocs\simag\system\Database\BaseBuilder.php(1771): CodeIgniter\Database\BaseConnection->query('INSERT INTO `ab...', Array, false)
#4 C:\xampp\htdocs\simag\system\Model.php(239): CodeIgniter\Database\BaseBuilder->insert()
#5 C:\xampp\htdocs\simag\system\BaseModel.php(738): CodeIgniter\Model->doInsert(Array)
#6 C:\xampp\htdocs\simag\system\Model.php(625): CodeIgniter\BaseModel->insert(Array, true)
#7 C:\xampp\htdocs\simag\app\Controllers\Peserta.php(48): CodeIgniter\Model->insert(Array)
#8 C:\xampp\htdocs\simag\system\CodeIgniter.php(825): App\Controllers\Peserta->addAbsen()
#9 C:\xampp\htdocs\simag\system\CodeIgniter.php(412): CodeIgniter\CodeIgniter->runController(Object(App\Controllers\Peserta))
#10 C:\xampp\htdocs\simag\system\CodeIgniter.php(320): CodeIgniter\CodeIgniter->handleRequest(NULL, Object(Config\Cache), false)
#11 C:\xampp\htdocs\simag\public\index.php(37): CodeIgniter\CodeIgniter->run()
#12 {main}
