CRITICAL - 2022-02-20 01:18:17 --> Invalid file: datapembimbing.php
#0 C:\xampp\htdocs\simag\system\View\View.php(198): CodeIgniter\Exceptions\FrameworkException::forInvalidFile('datapembimbing....')
#1 C:\xampp\htdocs\simag\system\Common.php(1089): CodeIgniter\View\View->render('datapembimbing....', Array, true)
#2 C:\xampp\htdocs\simag\app\Controllers\Admin.php(46): view('datapembimbing....')
#3 C:\xampp\htdocs\simag\system\CodeIgniter.php(825): App\Controllers\Admin->dataPembimbing()
#4 C:\xampp\htdocs\simag\system\CodeIgniter.php(412): CodeIgniter\CodeIgniter->runController(Object(App\Controllers\Admin))
#5 C:\xampp\htdocs\simag\system\CodeIgniter.php(320): CodeIgniter\CodeIgniter->handleRequest(NULL, Object(Config\Cache), false)
#6 C:\xampp\htdocs\simag\public\index.php(37): CodeIgniter\CodeIgniter->run()
#7 {main}
CRITICAL - 2022-02-20 01:19:03 --> Undefined variable $aktivitas
#0 C:\xampp\htdocs\simag\app\Views\admin\datapembimbing.php(24): CodeIgniter\Debug\Exceptions->errorHandler(2, 'Undefined varia...', 'C:\\xampp\\htdocs...', 24)
#1 C:\xampp\htdocs\simag\system\View\View.php(210): include('C:\\xampp\\htdocs...')
#2 C:\xampp\htdocs\simag\system\View\View.php(213): CodeIgniter\View\View->CodeIgniter\View\{closure}()
#3 C:\xampp\htdocs\simag\system\Common.php(1089): CodeIgniter\View\View->render('admin/datapembi...', Array, true)
#4 C:\xampp\htdocs\simag\app\Controllers\Admin.php(46): view('admin/datapembi...')
#5 C:\xampp\htdocs\simag\system\CodeIgniter.php(825): App\Controllers\Admin->dataPembimbing()
#6 C:\xampp\htdocs\simag\system\CodeIgniter.php(412): CodeIgniter\CodeIgniter->runController(Object(App\Controllers\Admin))
#7 C:\xampp\htdocs\simag\system\CodeIgniter.php(320): CodeIgniter\CodeIgniter->handleRequest(NULL, Object(Config\Cache), false)
#8 C:\xampp\htdocs\simag\public\index.php(37): CodeIgniter\CodeIgniter->run()
#9 {main}
CRITICAL - 2022-02-20 01:19:35 --> Undefined variable $user
#0 C:\xampp\htdocs\simag\app\Views\admin\datapembimbing.php(24): CodeIgniter\Debug\Exceptions->errorHandler(2, 'Undefined varia...', 'C:\\xampp\\htdocs...', 24)
#1 C:\xampp\htdocs\simag\system\View\View.php(210): include('C:\\xampp\\htdocs...')
#2 C:\xampp\htdocs\simag\system\View\View.php(213): CodeIgniter\View\View->CodeIgniter\View\{closure}()
#3 C:\xampp\htdocs\simag\system\Common.php(1089): CodeIgniter\View\View->render('admin/datapembi...', Array, true)
#4 C:\xampp\htdocs\simag\app\Controllers\Admin.php(46): view('admin/datapembi...')
#5 C:\xampp\htdocs\simag\system\CodeIgniter.php(825): App\Controllers\Admin->dataPembimbing()
#6 C:\xampp\htdocs\simag\system\CodeIgniter.php(412): CodeIgniter\CodeIgniter->runController(Object(App\Controllers\Admin))
#7 C:\xampp\htdocs\simag\system\CodeIgniter.php(320): CodeIgniter\CodeIgniter->handleRequest(NULL, Object(Config\Cache), false)
#8 C:\xampp\htdocs\simag\public\index.php(37): CodeIgniter\CodeIgniter->run()
#9 {main}
CRITICAL - 2022-02-20 01:19:54 --> Undefined variable $data
#0 C:\xampp\htdocs\simag\app\Views\admin\datapembimbing.php(24): CodeIgniter\Debug\Exceptions->errorHandler(2, 'Undefined varia...', 'C:\\xampp\\htdocs...', 24)
#1 C:\xampp\htdocs\simag\system\View\View.php(210): include('C:\\xampp\\htdocs...')
#2 C:\xampp\htdocs\simag\system\View\View.php(213): CodeIgniter\View\View->CodeIgniter\View\{closure}()
#3 C:\xampp\htdocs\simag\system\Common.php(1089): CodeIgniter\View\View->render('admin/datapembi...', Array, true)
#4 C:\xampp\htdocs\simag\app\Controllers\Admin.php(46): view('admin/datapembi...')
#5 C:\xampp\htdocs\simag\system\CodeIgniter.php(825): App\Controllers\Admin->dataPembimbing()
#6 C:\xampp\htdocs\simag\system\CodeIgniter.php(412): CodeIgniter\CodeIgniter->runController(Object(App\Controllers\Admin))
#7 C:\xampp\htdocs\simag\system\CodeIgniter.php(320): CodeIgniter\CodeIgniter->handleRequest(NULL, Object(Config\Cache), false)
#8 C:\xampp\htdocs\simag\public\index.php(37): CodeIgniter\CodeIgniter->run()
#9 {main}
CRITICAL - 2022-02-20 01:54:33 --> required|valid_email is not a valid rule.
#0 C:\xampp\htdocs\simag\system\Validation\Validation.php(300): CodeIgniter\Validation\Exceptions\ValidationException::forRuleNotFound('required|valid_...')
#1 C:\xampp\htdocs\simag\system\Validation\Validation.php(157): CodeIgniter\Validation\Validation->processRules('email', 'email', '', Array, Array)
#2 C:\xampp\htdocs\simag\system\Controller.php(160): CodeIgniter\Validation\Validation->run()
#3 C:\xampp\htdocs\simag\app\Controllers\Admin.php(57): CodeIgniter\Controller->validate(Array)
#4 C:\xampp\htdocs\simag\system\CodeIgniter.php(825): App\Controllers\Admin->tambahPembimbing()
#5 C:\xampp\htdocs\simag\system\CodeIgniter.php(412): CodeIgniter\CodeIgniter->runController(Object(App\Controllers\Admin))
#6 C:\xampp\htdocs\simag\system\CodeIgniter.php(320): CodeIgniter\CodeIgniter->handleRequest(NULL, Object(Config\Cache), false)
#7 C:\xampp\htdocs\simag\public\index.php(37): CodeIgniter\CodeIgniter->run()
#8 {main}
CRITICAL - 2022-02-20 02:17:45 --> Undefined variable $nama
#0 C:\xampp\htdocs\simag\app\Views\admin\editpembimbing.php(14): CodeIgniter\Debug\Exceptions->errorHandler(2, 'Undefined varia...', 'C:\\xampp\\htdocs...', 14)
#1 C:\xampp\htdocs\simag\system\View\View.php(210): include('C:\\xampp\\htdocs...')
#2 C:\xampp\htdocs\simag\system\View\View.php(213): CodeIgniter\View\View->CodeIgniter\View\{closure}()
#3 C:\xampp\htdocs\simag\system\Common.php(1089): CodeIgniter\View\View->render('admin/editpembi...', Array, true)
#4 C:\xampp\htdocs\simag\app\Controllers\Admin.php(126): view('admin/editpembi...')
#5 C:\xampp\htdocs\simag\system\CodeIgniter.php(825): App\Controllers\Admin->editPembimbing('31')
#6 C:\xampp\htdocs\simag\system\CodeIgniter.php(412): CodeIgniter\CodeIgniter->runController(Object(App\Controllers\Admin))
#7 C:\xampp\htdocs\simag\system\CodeIgniter.php(320): CodeIgniter\CodeIgniter->handleRequest(NULL, Object(Config\Cache), false)
#8 C:\xampp\htdocs\simag\public\index.php(37): CodeIgniter\CodeIgniter->run()
#9 {main}
CRITICAL - 2022-02-20 02:25:53 --> Too few arguments to function App\Controllers\Admin::editPembimbing(), 0 passed in C:\xampp\htdocs\simag\system\CodeIgniter.php on line 825 and exactly 1 expected
#0 C:\xampp\htdocs\simag\system\CodeIgniter.php(825): App\Controllers\Admin->editPembimbing()
#1 C:\xampp\htdocs\simag\system\CodeIgniter.php(412): CodeIgniter\CodeIgniter->runController(Object(App\Controllers\Admin))
#2 C:\xampp\htdocs\simag\system\CodeIgniter.php(320): CodeIgniter\CodeIgniter->handleRequest(NULL, Object(Config\Cache), false)
#3 C:\xampp\htdocs\simag\public\index.php(37): CodeIgniter\CodeIgniter->run()
#4 {main}
ERROR - 2022-02-20 06:25:19 --> Unknown column 'absen.userId' in 'on clause'
CRITICAL - 2022-02-20 06:25:19 --> Unknown column 'absen.userId' in 'on clause'
#0 C:\xampp\htdocs\simag\system\Database\MySQLi\Connection.php(292): mysqli->query('SELECT *\nFROM `...', 0)
#1 C:\xampp\htdocs\simag\system\Database\BaseConnection.php(670): CodeIgniter\Database\MySQLi\Connection->execute('SELECT *\nFROM `...')
#2 C:\xampp\htdocs\simag\system\Database\BaseConnection.php(598): CodeIgniter\Database\BaseConnection->simpleQuery('SELECT *\nFROM `...')
#3 C:\xampp\htdocs\simag\system\Database\BaseBuilder.php(1455): CodeIgniter\Database\BaseConnection->query('SELECT *\nFROM `...', Array, false)
#4 C:\xampp\htdocs\simag\system\Model.php(728): CodeIgniter\Database\BaseBuilder->get()
#5 C:\xampp\htdocs\simag\app\Controllers\Admin.php(141): CodeIgniter\Model->__call('get', Array)
#6 C:\xampp\htdocs\simag\system\CodeIgniter.php(825): App\Controllers\Admin->dataAbsen()
#7 C:\xampp\htdocs\simag\system\CodeIgniter.php(412): CodeIgniter\CodeIgniter->runController(Object(App\Controllers\Admin))
#8 C:\xampp\htdocs\simag\system\CodeIgniter.php(320): CodeIgniter\CodeIgniter->handleRequest(NULL, Object(Config\Cache), false)
#9 C:\xampp\htdocs\simag\public\index.php(37): CodeIgniter\CodeIgniter->run()
#10 {main}
CRITICAL - 2022-02-20 06:37:56 --> Undefined array key "nama"
#0 C:\xampp\htdocs\simag\app\Views\admin\dataabsen.php(27): CodeIgniter\Debug\Exceptions->errorHandler(2, 'Undefined array...', 'C:\\xampp\\htdocs...', 27)
#1 C:\xampp\htdocs\simag\system\View\View.php(210): include('C:\\xampp\\htdocs...')
#2 C:\xampp\htdocs\simag\system\View\View.php(213): CodeIgniter\View\View->CodeIgniter\View\{closure}()
#3 C:\xampp\htdocs\simag\system\Common.php(1089): CodeIgniter\View\View->render('admin/dataabsen', Array, true)
#4 C:\xampp\htdocs\simag\app\Controllers\Admin.php(151): view('admin/dataabsen')
#5 C:\xampp\htdocs\simag\system\CodeIgniter.php(825): App\Controllers\Admin->dataAbsen()
#6 C:\xampp\htdocs\simag\system\CodeIgniter.php(412): CodeIgniter\CodeIgniter->runController(Object(App\Controllers\Admin))
#7 C:\xampp\htdocs\simag\system\CodeIgniter.php(320): CodeIgniter\CodeIgniter->handleRequest(NULL, Object(Config\Cache), false)
#8 C:\xampp\htdocs\simag\public\index.php(37): CodeIgniter\CodeIgniter->run()
#9 {main}
CRITICAL - 2022-02-20 06:40:02 --> Too few arguments to function CodeIgniter\Database\BaseBuilder::join(), 1 passed in C:\xampp\htdocs\simag\system\Model.php on line 728 and at least 2 expected
#0 C:\xampp\htdocs\simag\system\Model.php(728): CodeIgniter\Database\BaseBuilder->join('user')
#1 C:\xampp\htdocs\simag\app\Controllers\Admin.php(142): CodeIgniter\Model->__call('join', Array)
#2 C:\xampp\htdocs\simag\system\CodeIgniter.php(825): App\Controllers\Admin->dataAbsen()
#3 C:\xampp\htdocs\simag\system\CodeIgniter.php(412): CodeIgniter\CodeIgniter->runController(Object(App\Controllers\Admin))
#4 C:\xampp\htdocs\simag\system\CodeIgniter.php(320): CodeIgniter\CodeIgniter->handleRequest(NULL, Object(Config\Cache), false)
#5 C:\xampp\htdocs\simag\public\index.php(37): CodeIgniter\CodeIgniter->run()
#6 {main}
CRITICAL - 2022-02-20 06:56:11 --> Too few arguments to function App\Controllers\Admin::editPembimbing(), 0 passed in C:\xampp\htdocs\simag\system\CodeIgniter.php on line 825 and exactly 1 expected
#0 C:\xampp\htdocs\simag\system\CodeIgniter.php(825): App\Controllers\Admin->editPembimbing()
#1 C:\xampp\htdocs\simag\system\CodeIgniter.php(412): CodeIgniter\CodeIgniter->runController(Object(App\Controllers\Admin))
#2 C:\xampp\htdocs\simag\system\CodeIgniter.php(320): CodeIgniter\CodeIgniter->handleRequest(NULL, Object(Config\Cache), false)
#3 C:\xampp\htdocs\simag\public\index.php(37): CodeIgniter\CodeIgniter->run()
#4 {main}
CRITICAL - 2022-02-20 06:58:00 --> Too few arguments to function App\Controllers\Admin::editPembimbing(), 0 passed in C:\xampp\htdocs\simag\system\CodeIgniter.php on line 825 and exactly 1 expected
#0 C:\xampp\htdocs\simag\system\CodeIgniter.php(825): App\Controllers\Admin->editPembimbing()
#1 C:\xampp\htdocs\simag\system\CodeIgniter.php(412): CodeIgniter\CodeIgniter->runController(Object(App\Controllers\Admin))
#2 C:\xampp\htdocs\simag\system\CodeIgniter.php(320): CodeIgniter\CodeIgniter->handleRequest(NULL, Object(Config\Cache), false)
#3 C:\xampp\htdocs\simag\public\index.php(37): CodeIgniter\CodeIgniter->run()
#4 {main}
CRITICAL - 2022-02-20 07:50:25 --> Undefined variable $detail
#0 C:\xampp\htdocs\simag\app\Views\admin\datapeserta.php(36): CodeIgniter\Debug\Exceptions->errorHandler(2, 'Undefined varia...', 'C:\\xampp\\htdocs...', 36)
#1 C:\xampp\htdocs\simag\system\View\View.php(210): include('C:\\xampp\\htdocs...')
#2 C:\xampp\htdocs\simag\system\View\View.php(213): CodeIgniter\View\View->CodeIgniter\View\{closure}()
#3 C:\xampp\htdocs\simag\system\Common.php(1089): CodeIgniter\View\View->render('admin/datapeser...', Array, true)
#4 C:\xampp\htdocs\simag\app\Controllers\Admin.php(158): view('admin/datapeser...')
#5 C:\xampp\htdocs\simag\system\CodeIgniter.php(825): App\Controllers\Admin->dataPeserta()
#6 C:\xampp\htdocs\simag\system\CodeIgniter.php(412): CodeIgniter\CodeIgniter->runController(Object(App\Controllers\Admin))
#7 C:\xampp\htdocs\simag\system\CodeIgniter.php(320): CodeIgniter\CodeIgniter->handleRequest(NULL, Object(Config\Cache), false)
#8 C:\xampp\htdocs\simag\public\index.php(37): CodeIgniter\CodeIgniter->run()
#9 {main}
CRITICAL - 2022-02-20 08:29:36 --> There is no data to update.
#0 C:\xampp\htdocs\simag\system\BaseModel.php(846): CodeIgniter\Database\Exceptions\DataException::forEmptyDataset('update')
#1 C:\xampp\htdocs\simag\system\Model.php(651): CodeIgniter\BaseModel->update(Array, Array)
#2 C:\xampp\htdocs\simag\app\Controllers\Admin.php(168): CodeIgniter\Model->update('14', Array)
#3 C:\xampp\htdocs\simag\system\CodeIgniter.php(825): App\Controllers\Admin->terimaPeserta('14')
#4 C:\xampp\htdocs\simag\system\CodeIgniter.php(412): CodeIgniter\CodeIgniter->runController(Object(App\Controllers\Admin))
#5 C:\xampp\htdocs\simag\system\CodeIgniter.php(320): CodeIgniter\CodeIgniter->handleRequest(NULL, Object(Config\Cache), false)
#6 C:\xampp\htdocs\simag\public\index.php(37): CodeIgniter\CodeIgniter->run()
#7 {main}
CRITICAL - 2022-02-20 08:32:02 --> There is no data to update.
#0 C:\xampp\htdocs\simag\system\BaseModel.php(846): CodeIgniter\Database\Exceptions\DataException::forEmptyDataset('update')
#1 C:\xampp\htdocs\simag\system\Model.php(651): CodeIgniter\BaseModel->update(Array, Array)
#2 C:\xampp\htdocs\simag\app\Controllers\Admin.php(169): CodeIgniter\Model->update('14', Array)
#3 C:\xampp\htdocs\simag\system\CodeIgniter.php(825): App\Controllers\Admin->terimaPeserta('14')
#4 C:\xampp\htdocs\simag\system\CodeIgniter.php(412): CodeIgniter\CodeIgniter->runController(Object(App\Controllers\Admin))
#5 C:\xampp\htdocs\simag\system\CodeIgniter.php(320): CodeIgniter\CodeIgniter->handleRequest(NULL, Object(Config\Cache), false)
#6 C:\xampp\htdocs\simag\public\index.php(37): CodeIgniter\CodeIgniter->run()
#7 {main}
CRITICAL - 2022-02-20 08:35:25 --> There is no data to update.
#0 C:\xampp\htdocs\simag\system\BaseModel.php(846): CodeIgniter\Database\Exceptions\DataException::forEmptyDataset('update')
#1 C:\xampp\htdocs\simag\system\Model.php(651): CodeIgniter\BaseModel->update(Array, Array)
#2 C:\xampp\htdocs\simag\app\Controllers\Admin.php(169): CodeIgniter\Model->update('28', Array)
#3 C:\xampp\htdocs\simag\system\CodeIgniter.php(825): App\Controllers\Admin->terimaPeserta('28')
#4 C:\xampp\htdocs\simag\system\CodeIgniter.php(412): CodeIgniter\CodeIgniter->runController(Object(App\Controllers\Admin))
#5 C:\xampp\htdocs\simag\system\CodeIgniter.php(320): CodeIgniter\CodeIgniter->handleRequest(NULL, Object(Config\Cache), false)
#6 C:\xampp\htdocs\simag\public\index.php(37): CodeIgniter\CodeIgniter->run()
#7 {main}
CRITICAL - 2022-02-20 08:36:15 --> There is no data to update.
#0 C:\xampp\htdocs\simag\system\BaseModel.php(846): CodeIgniter\Database\Exceptions\DataException::forEmptyDataset('update')
#1 C:\xampp\htdocs\simag\system\Model.php(651): CodeIgniter\BaseModel->update(Array, Array)
#2 C:\xampp\htdocs\simag\app\Controllers\Admin.php(168): CodeIgniter\Model->update('28', Array)
#3 C:\xampp\htdocs\simag\system\CodeIgniter.php(825): App\Controllers\Admin->terimaPeserta('28')
#4 C:\xampp\htdocs\simag\system\CodeIgniter.php(412): CodeIgniter\CodeIgniter->runController(Object(App\Controllers\Admin))
#5 C:\xampp\htdocs\simag\system\CodeIgniter.php(320): CodeIgniter\CodeIgniter->handleRequest(NULL, Object(Config\Cache), false)
#6 C:\xampp\htdocs\simag\public\index.php(37): CodeIgniter\CodeIgniter->run()
#7 {main}
CRITICAL - 2022-02-20 08:36:17 --> There is no data to update.
#0 C:\xampp\htdocs\simag\system\BaseModel.php(846): CodeIgniter\Database\Exceptions\DataException::forEmptyDataset('update')
#1 C:\xampp\htdocs\simag\system\Model.php(651): CodeIgniter\BaseModel->update(Array, Array)
#2 C:\xampp\htdocs\simag\app\Controllers\Admin.php(168): CodeIgniter\Model->update('28', Array)
#3 C:\xampp\htdocs\simag\system\CodeIgniter.php(825): App\Controllers\Admin->terimaPeserta('28')
#4 C:\xampp\htdocs\simag\system\CodeIgniter.php(412): CodeIgniter\CodeIgniter->runController(Object(App\Controllers\Admin))
#5 C:\xampp\htdocs\simag\system\CodeIgniter.php(320): CodeIgniter\CodeIgniter->handleRequest(NULL, Object(Config\Cache), false)
#6 C:\xampp\htdocs\simag\public\index.php(37): CodeIgniter\CodeIgniter->run()
#7 {main}
CRITICAL - 2022-02-20 08:36:22 --> There is no data to update.
#0 C:\xampp\htdocs\simag\system\BaseModel.php(846): CodeIgniter\Database\Exceptions\DataException::forEmptyDataset('update')
#1 C:\xampp\htdocs\simag\system\Model.php(651): CodeIgniter\BaseModel->update(Array, Array)
#2 C:\xampp\htdocs\simag\app\Controllers\Admin.php(168): CodeIgniter\Model->update('28', Array)
#3 C:\xampp\htdocs\simag\system\CodeIgniter.php(825): App\Controllers\Admin->terimaPeserta('28')
#4 C:\xampp\htdocs\simag\system\CodeIgniter.php(412): CodeIgniter\CodeIgniter->runController(Object(App\Controllers\Admin))
#5 C:\xampp\htdocs\simag\system\CodeIgniter.php(320): CodeIgniter\CodeIgniter->handleRequest(NULL, Object(Config\Cache), false)
#6 C:\xampp\htdocs\simag\public\index.php(37): CodeIgniter\CodeIgniter->run()
#7 {main}
CRITICAL - 2022-02-20 08:56:48 --> Too few arguments to function App\Controllers\Admin::detailPeserta(), 0 passed in C:\xampp\htdocs\simag\system\CodeIgniter.php on line 825 and exactly 1 expected
#0 C:\xampp\htdocs\simag\system\CodeIgniter.php(825): App\Controllers\Admin->detailPeserta()
#1 C:\xampp\htdocs\simag\system\CodeIgniter.php(412): CodeIgniter\CodeIgniter->runController(Object(App\Controllers\Admin))
#2 C:\xampp\htdocs\simag\system\CodeIgniter.php(320): CodeIgniter\CodeIgniter->handleRequest(NULL, Object(Config\Cache), false)
#3 C:\xampp\htdocs\simag\public\index.php(37): CodeIgniter\CodeIgniter->run()
#4 {main}
CRITICAL - 2022-02-20 08:58:32 --> Too few arguments to function App\Controllers\Admin::detailPeserta(), 0 passed in C:\xampp\htdocs\simag\system\CodeIgniter.php on line 825 and exactly 1 expected
#0 C:\xampp\htdocs\simag\system\CodeIgniter.php(825): App\Controllers\Admin->detailPeserta()
#1 C:\xampp\htdocs\simag\system\CodeIgniter.php(412): CodeIgniter\CodeIgniter->runController(Object(App\Controllers\Admin))
#2 C:\xampp\htdocs\simag\system\CodeIgniter.php(320): CodeIgniter\CodeIgniter->handleRequest(NULL, Object(Config\Cache), false)
#3 C:\xampp\htdocs\simag\public\index.php(37): CodeIgniter\CodeIgniter->run()
#4 {main}
CRITICAL - 2022-02-20 08:58:50 --> Trying to access array offset on value of type null
#0 C:\xampp\htdocs\simag\app\Views\admin\detailpeserta.php(27): CodeIgniter\Debug\Exceptions->errorHandler(2, 'Trying to acces...', 'C:\\xampp\\htdocs...', 27)
#1 C:\xampp\htdocs\simag\system\View\View.php(210): include('C:\\xampp\\htdocs...')
#2 C:\xampp\htdocs\simag\system\View\View.php(213): CodeIgniter\View\View->CodeIgniter\View\{closure}()
#3 C:\xampp\htdocs\simag\system\Common.php(1089): CodeIgniter\View\View->render('admin/detailpes...', Array, true)
#4 C:\xampp\htdocs\simag\app\Controllers\Admin.php(189): view('admin/detailpes...')
#5 C:\xampp\htdocs\simag\system\CodeIgniter.php(825): App\Controllers\Admin->detailPeserta('fotoprofil', '29', '1645282407_0e5c...')
#6 C:\xampp\htdocs\simag\system\CodeIgniter.php(412): CodeIgniter\CodeIgniter->runController(Object(App\Controllers\Admin))
#7 C:\xampp\htdocs\simag\system\CodeIgniter.php(320): CodeIgniter\CodeIgniter->handleRequest(NULL, Object(Config\Cache), false)
#8 C:\xampp\htdocs\simag\public\index.php(37): CodeIgniter\CodeIgniter->run()
#9 {main}
