CRITICAL - 2022-03-01 22:05:52 --> Undefined array key "access_token"
#0 C:\xampp\htdocs\simag\app\Controllers\AuthGoogle.php(32): CodeIgniter\Debug\Exceptions->errorHandler(2, 'Undefined array...', 'C:\\xampp\\htdocs...', 32)
#1 C:\xampp\htdocs\simag\system\CodeIgniter.php(825): App\Controllers\AuthGoogle->index()
#2 C:\xampp\htdocs\simag\system\CodeIgniter.php(412): CodeIgniter\CodeIgniter->runController(Object(App\Controllers\AuthGoogle))
#3 C:\xampp\htdocs\simag\system\CodeIgniter.php(320): CodeIgniter\CodeIgniter->handleRequest(NULL, Object(Config\Cache), false)
#4 C:\xampp\htdocs\simag\public\index.php(37): CodeIgniter\CodeIgniter->run()
#5 {main}
CRITICAL - 2022-03-01 22:07:11 --> Undefined array key "access_token"
#0 C:\xampp\htdocs\simag\app\Controllers\AuthGoogle.php(32): CodeIgniter\Debug\Exceptions->errorHandler(2, 'Undefined array...', 'C:\\xampp\\htdocs...', 32)
#1 C:\xampp\htdocs\simag\system\CodeIgniter.php(825): App\Controllers\AuthGoogle->index()
#2 C:\xampp\htdocs\simag\system\CodeIgniter.php(412): CodeIgniter\CodeIgniter->runController(Object(App\Controllers\AuthGoogle))
#3 C:\xampp\htdocs\simag\system\CodeIgniter.php(320): CodeIgniter\CodeIgniter->handleRequest(NULL, Object(Config\Cache), false)
#4 C:\xampp\htdocs\simag\public\index.php(37): CodeIgniter\CodeIgniter->run()
#5 {main}
CRITICAL - 2022-03-01 22:17:35 --> Undefined array key "access_token"
#0 C:\xampp\htdocs\simag\app\Controllers\AuthGoogle.php(32): CodeIgniter\Debug\Exceptions->errorHandler(2, 'Undefined array...', 'C:\\xampp\\htdocs...', 32)
#1 C:\xampp\htdocs\simag\system\CodeIgniter.php(825): App\Controllers\AuthGoogle->index()
#2 C:\xampp\htdocs\simag\system\CodeIgniter.php(412): CodeIgniter\CodeIgniter->runController(Object(App\Controllers\AuthGoogle))
#3 C:\xampp\htdocs\simag\system\CodeIgniter.php(320): CodeIgniter\CodeIgniter->handleRequest(NULL, Object(Config\Cache), false)
#4 C:\xampp\htdocs\simag\public\index.php(37): CodeIgniter\CodeIgniter->run()
#5 {main}
